#
# A fatal error has been detected by the Java Runtime Environment:
#
#  SIGSEGV (0xb) at pc=0x00007fae2d05b6fa, pid=13831, tid=140385688028928
#
# JRE version: Java(TM) SE Runtime Environment (7.0_67-b01) (build 1.7.0_67-b01)
# Java VM: Java HotSpot(TM) 64-Bit Server VM (24.65-b04 mixed mode linux-amd64 compressed oops)
# Problematic frame:
# v  ~BufferBlob::jni_fast_GetLongField
#
# Failed to write core dump. Core dumps have been disabled. To enable core dumping, try "ulimit -c unlimited" before starting Java again
#
# If you would like to submit a bug report, please visit:
#   http://bugreport.sun.com/bugreport/crash.jsp
# The crash happened outside the Java Virtual Machine in native code.
# See problematic frame for where to report the bug.
#

---------------  T H R E A D  ---------------

Current thread (0x00007fae30193000):  JavaThread "AWT-XAWT" daemon [_thread_in_native, id=13854, stack(0x00007fae17010000,0x00007fae17111000)]

siginfo:si_signo=SIGSEGV: si_errno=0, si_code=1 (SEGV_MAPERR), si_addr=0x0000000000000000

Registers:
RAX=0x00007fae390d6900, RBX=0x000000077ef80310, RCX=0x00007fae39b2e320, RDX=0x0000000000000042
RSP=0x00007fae1710f738, RBP=0x00007fae1710f760, RSI=0x0000000000000000, RDI=0x00007fae301931e8
R8 =0x0000000000000003, R9 =0x0000000000000000, R10=0x0000000000000010, R11=0x00007fae38b72870
R12=0x00007fae301931e8, R13=0x0000000000000000, R14=0x00007fae2cb2afe0, R15=0x00007fae30193000
RIP=0x00007fae2d05b6fa, EFLAGS=0x0000000000010246, CSGSFS=0x0000000000000033, ERR=0x0000000000000004
  TRAPNO=0x000000000000000e

Top of Stack: (sp=0x00007fae1710f738)
0x00007fae1710f738:   00007fae2c8f5801 000000077ef80310
0x00007fae1710f748:   00007fade00256f0 000000077ef80310
0x00007fae1710f758:   00007fae1710f848 0000000000000000
0x00007fae1710f768:   00007fae2c3f1ae8 000000077ef80310
0x00007fae1710f778:   00007fae1710f7a0 0000000000000000
0x00007fae1710f788:   00007fae2c3e99a3 000000077ef80310
0x00007fae1710f798:   00007fae2c8eb68f 00007fae1710f810
0x00007fae1710f7a8:   00007fae2d012d98 00007fae2d006233
0x00007fae1710f7b8:   0000000000000000 00000007d6a8a458
0x00007fae1710f7c8:   0000000000000000 00007fae1710f7d0
0x00007fae1710f7d8:   0000000000000000 00007fae1710f848
0x00007fae1710f7e8:   000000077ef863e0 0000000000000000
0x00007fae1710f7f8:   000000077ef80310 0000000000000000
0x00007fae1710f808:   00007fae1710f830 00007fae1710f890
0x00007fae1710f818:   00007fae2d006350 00000007d6a779c0
0x00007fae1710f828:   00007fae2d00ecc0 0000000000000000
0x00007fae1710f838:   00007fae1710f890 00007fade8000e30
0x00007fae1710f848:   00000007d6b42b08 00007fae1710f850
0x00007fae1710f858:   000000077f04bacc 00007fae1710f8d8
0x00007fae1710f868:   000000077f057568 000000077f487240
0x00007fae1710f878:   000000077f04bc00 00007fae1710f830
0x00007fae1710f888:   00007fae1710f8d0 00007fae1710f920
0x00007fae1710f898:   00007fae2d006058 0000000000000000
0x00007fae1710f8a8:   00000007d6c62760 0000000000000000
0x00007fae1710f8b8:   0000000000000000 0000000000000000
0x00007fae1710f8c8:   00000007d6b42b08 0000000000000000
0x00007fae1710f8d8:   00000007d6a8ae58 00007fae1710f8e0
0x00007fae1710f8e8:   000000077f04b8d5 00007fae1710f930
0x00007fae1710f8f8:   000000077f057568 0000000000000000
0x00007fae1710f908:   000000077f04b8e0 00007fae1710f8d0
0x00007fae1710f918:   00007fae1710f930 00007fae1710f978
0x00007fae1710f928:   00007fae2d006706 00000007d6a8ae58 

Instructions: (pc=0x00007fae2d05b6fa)
0x00007fae2d05b6da:   00 00 00 00 00 00 44 8b 15 81 ec 0a 0c 4c 8b ce
0x00007fae2d05b6ea:   41 f6 c2 01 0f 85 2e 00 00 00 4d 33 ca 4d 33 ca
0x00007fae2d05b6fa:   4d 8b 09 4c 8b da 49 c1 eb 02 4b 8b 04 19 49 bb
0x00007fae2d05b70a:   68 a3 10 39 ae 7f 00 00 4c 33 d8 4c 33 d8 45 3b 

Register to memory mapping:

RAX=0x00007fae390d6900: <offset 0xe16900> in /usr/lib/jvm/java-7-oracle/jre/lib/amd64/server/libjvm.so at 0x00007fae382c0000
RBX=0x000000077ef80310 is an oop
{method} 
 - klass: {other class}
RCX=0x00007fae39b2e320: <offset 0x219320> in /lib/x86_64-linux-gnu/libpthread.so.0 at 0x00007fae39915000
RDX=0x0000000000000042 is an unknown value
RSP=0x00007fae1710f738 is pointing into the stack for thread: 0x00007fae30193000
RBP=0x00007fae1710f760 is pointing into the stack for thread: 0x00007fae30193000
RSI=0x0000000000000000 is an unknown value
RDI=0x00007fae301931e8 is an unknown value
R8 =0x0000000000000003 is an unknown value
R9 =0x0000000000000000 is an unknown value
R10=0x0000000000000010 is an unknown value
R11=0x00007fae38b72870: <offset 0x8b2870> in /usr/lib/jvm/java-7-oracle/jre/lib/amd64/server/libjvm.so at 0x00007fae382c0000
R12=0x00007fae301931e8 is an unknown value
R13=0x0000000000000000 is an unknown value
R14=0x00007fae2cb2afe0: <offset 0x253fe0> in /usr/lib/jvm/java-7-oracle/jre/lib/amd64/xawt/libmawt.so at 0x00007fae2c8d7000
R15=0x00007fae30193000 is a thread


Stack: [0x00007fae17010000,0x00007fae17111000],  sp=0x00007fae1710f738,  free space=1021k
Native frames: (J=compiled Java code, j=interpreted, Vv=VM code, C=native code)
v  ~BufferBlob::jni_fast_GetLongField

Java frames: (J=compiled Java code, j=interpreted, Vv=VM code)
j  sun.awt.X11.XlibWrapper.XFilterEvent(JJ)Z+0
j  sun.awt.X11.XToolkit.run(Z)V+300
j  sun.awt.X11.XToolkit.run()V+5
j  java.lang.Thread.run()V+11
v  ~StubRoutines::call_stub

---------------  P R O C E S S  ---------------

Java Threads: ( => current thread )
  0x00007fade002c000 JavaThread "Thread-0" [_thread_blocked, id=13864, stack(0x00007fae15b98000,0x00007fae15c99000)]
  0x00007fae30009800 JavaThread "DestroyJavaVM" [_thread_blocked, id=13834, stack(0x00007fae39c2e000,0x00007fae39d2f000)]
  0x00007fade8001800 JavaThread "AWT-EventQueue-0" [_thread_blocked, id=13856, stack(0x00007fae1697f000,0x00007fae16a80000)]
  0x00007fae301d7800 JavaThread "AWT-Shutdown" [_thread_blocked, id=13855, stack(0x00007fae16f0f000,0x00007fae17010000)]
=>0x00007fae30193000 JavaThread "AWT-XAWT" daemon [_thread_in_native, id=13854, stack(0x00007fae17010000,0x00007fae17111000)]
  0x00007fae30170000 JavaThread "Java2D Disposer" daemon [_thread_blocked, id=13853, stack(0x00007fae2c085000,0x00007fae2c186000)]
  0x00007fae30096800 JavaThread "Service Thread" daemon [_thread_blocked, id=13851, stack(0x00007fae2ceff000,0x00007fae2d000000)]
  0x00007fae30094000 JavaThread "C2 CompilerThread1" daemon [_thread_blocked, id=13850, stack(0x00007fae34065000,0x00007fae34166000)]
  0x00007fae30091000 JavaThread "C2 CompilerThread0" daemon [_thread_blocked, id=13849, stack(0x00007fae34166000,0x00007fae34267000)]
  0x00007fae3008f800 JavaThread "Signal Dispatcher" daemon [_thread_blocked, id=13848, stack(0x00007fae34267000,0x00007fae34368000)]
  0x00007fae3006f800 JavaThread "Finalizer" daemon [_thread_blocked, id=13847, stack(0x00007fae34a67000,0x00007fae34b68000)]
  0x00007fae3006d800 JavaThread "Reference Handler" daemon [_thread_blocked, id=13846, stack(0x00007fae34b68000,0x00007fae34c69000)]

Other Threads:
  0x00007fae30069800 VMThread [stack: 0x00007fae34c69000,0x00007fae34d6a000] [id=13845]
  0x00007fae300a1000 WatcherThread [stack: 0x00007fae2cdfe000,0x00007fae2ceff000] [id=13852]

VM state:not at safepoint (normal execution)

VM Mutex/Monitor currently owned by a thread: None

Heap
 PSYoungGen      total 37376K, used 15511K [0x00000007d6a00000, 0x00000007d9380000, 0x0000000800000000)
  eden space 32256K, 48% used [0x00000007d6a00000,0x00000007d7925fa0,0x00000007d8980000)
  from space 5120K, 0% used [0x00000007d8e80000,0x00000007d8e80000,0x00000007d9380000)
  to   space 5120K, 0% used [0x00000007d8980000,0x00000007d8980000,0x00000007d8e80000)
 ParOldGen       total 84480K, used 0K [0x0000000783e00000, 0x0000000789080000, 0x00000007d6a00000)
  object space 84480K, 0% used [0x0000000783e00000,0x0000000783e00000,0x0000000789080000)
 PSPermGen       total 21504K, used 8836K [0x000000077ec00000, 0x0000000780100000, 0x0000000783e00000)
  object space 21504K, 41% used [0x000000077ec00000,0x000000077f4a10b8,0x0000000780100000)

Card table byte_map: [0x00007fae36b17000,0x00007fae36f22000] byte_map_base: 0x00007fae32f21000

Polling page: 0x00007fae39d52000

Code Cache  [0x00007fae2d000000, 0x00007fae2d270000, 0x00007fae30000000)
 total_blobs=610 nmethods=179 adapters=384 free_code_cache=48327Kb largest_free_block=49459264

Compilation events (10 events):
Event: 336.527 Thread 0x00007fae30094000 nmethod 175 0x00007fae2d0bc250 code [0x00007fae2d0bc3a0, 0x00007fae2d0bc5d8]
Event: 336.527 Thread 0x00007fae30094000  176             sun.awt.image.SunVolatileImage::getWidth (5 bytes)
Event: 336.527 Thread 0x00007fae30094000 nmethod 176 0x00007fae2d0bc050 code [0x00007fae2d0bc180, 0x00007fae2d0bc1d8]
Event: 336.527 Thread 0x00007fae30094000  177             sun.awt.image.SunVolatileImage::getHeight (5 bytes)
Event: 336.527 Thread 0x00007fae30094000 nmethod 177 0x00007fae2d0c5710 code [0x00007fae2d0c5840, 0x00007fae2d0c5898]
Event: 336.527 Thread 0x00007fae30094000  178   !         javax.swing.RepaintManager$PaintManager::paintDoubleBuffered (294 bytes)
Event: 336.555 Thread 0x00007fae30091000 nmethod 174 0x00007fae2d0cf750 code [0x00007fae2d0cfb00, 0x00007fae2d0d24a8]
Event: 336.570 Thread 0x00007fae30094000 nmethod 178 0x00007fae2d0cb750 code [0x00007fae2d0cbaa0, 0x00007fae2d0cd5a0]
Event: 337.701 Thread 0x00007fae30091000  179             java.awt.geom.AffineTransform::translate (546 bytes)
Event: 337.708 Thread 0x00007fae30091000 nmethod 179 0x00007fae2d0becd0 code [0x00007fae2d0bee60, 0x00007fae2d0bf1c8]

GC Heap History (0 events):
No events

Deoptimization events (0 events):
No events

Internal exceptions (10 events):
Event: 0.114 Thread 0x00007fae30009800 Threw 0x00000007d6a9c030 at /HUDSON/workspace/7u-2-build-linux-amd64/jdk7u67/1368/hotspot/src/share/vm/prims/jvm.cpp:1244
Event: 0.118 Thread 0x00007fae30009800 Threw 0x00000007d6bf4020 at /HUDSON/workspace/7u-2-build-linux-amd64/jdk7u67/1368/hotspot/src/share/vm/prims/jvm.cpp:1244
Event: 0.118 Thread 0x00007fae30009800 Threw 0x00000007d6bf4148 at /HUDSON/workspace/7u-2-build-linux-amd64/jdk7u67/1368/hotspot/src/share/vm/prims/jvm.cpp:1244
Event: 0.118 Thread 0x00007fae30009800 Threw 0x00000007d6bf63b8 at /HUDSON/workspace/7u-2-build-linux-amd64/jdk7u67/1368/hotspot/src/share/vm/prims/jvm.cpp:1244
Event: 0.118 Thread 0x00007fae30009800 Threw 0x00000007d6bf64e0 at /HUDSON/workspace/7u-2-build-linux-amd64/jdk7u67/1368/hotspot/src/share/vm/prims/jvm.cpp:1244
Event: 0.120 Thread 0x00007fae30009800 Threw 0x00000007d6bfec40 at /HUDSON/workspace/7u-2-build-linux-amd64/jdk7u67/1368/hotspot/src/share/vm/prims/jvm.cpp:1244
Event: 0.120 Thread 0x00007fae30009800 Threw 0x00000007d6c008a0 at /HUDSON/workspace/7u-2-build-linux-amd64/jdk7u67/1368/hotspot/src/share/vm/prims/jvm.cpp:1244
Event: 0.121 Thread 0x00007fae30009800 Threw 0x00000007d6c026a8 at /HUDSON/workspace/7u-2-build-linux-amd64/jdk7u67/1368/hotspot/src/share/vm/prims/jvm.cpp:1244
Event: 0.122 Thread 0x00007fae30009800 Threw 0x00000007d6c06050 at /HUDSON/workspace/7u-2-build-linux-amd64/jdk7u67/1368/hotspot/src/share/vm/prims/jvm.cpp:1244
Event: 0.145 Thread 0x00007fae30009800 Threw 0x00000007d6c5e708 at /HUDSON/workspace/7u-2-build-linux-amd64/jdk7u67/1368/hotspot/src/share/vm/prims/jvm.cpp:1244

Events (10 events):
Event: 3.212 loading class 0x00007fae300d7fc0
Event: 3.212 loading class 0x00007fae300d7fc0 done
Event: 4.058 Executing VM operation: EnableBiasedLocking
Event: 4.058 Executing VM operation: EnableBiasedLocking done
Event: 7.012 Thread 0x00007fade001d000 Thread exited: 0x00007fade001d000
Event: 7.013 Thread 0x00007fade0018000 Thread exited: 0x00007fade0018000
Event: 7.153 Thread 0x00007fade001b000 Thread exited: 0x00007fade001b000
Event: 7.154 Thread 0x00007fade0019800 Thread exited: 0x00007fade0019800
Event: 345.871 loading class 0x00007fae0405da10
Event: 345.879 loading class 0x00007fae0405da10 done


Dynamic libraries:
00400000-00401000 r-xp 00000000 08:01 540935                             /usr/lib/jvm/java-7-oracle/bin/java
00600000-00601000 rw-p 00000000 08:01 540935                             /usr/lib/jvm/java-7-oracle/bin/java
0231d000-0233e000 rw-p 00000000 00:00 0                                  [heap]
77ec00000-780100000 rw-p 00000000 00:00 0 
780100000-783e00000 rw-p 00000000 00:00 0 
783e00000-789080000 rw-p 00000000 00:00 0 
789080000-7d6a00000 rw-p 00000000 00:00 0 
7d6a00000-7d9380000 rw-p 00000000 00:00 0 
7d9380000-800000000 rw-p 00000000 00:00 0 
7fadd0000000-7fadd0021000 rw-p 00000000 00:00 0 
7fadd0021000-7fadd4000000 ---p 00000000 00:00 0 
7fadd4000000-7fadd4021000 rw-p 00000000 00:00 0 
7fadd4021000-7fadd8000000 ---p 00000000 00:00 0 
7fadd8000000-7fadd8021000 rw-p 00000000 00:00 0 
7fadd8021000-7faddc000000 ---p 00000000 00:00 0 
7faddc000000-7faddc021000 rw-p 00000000 00:00 0 
7faddc021000-7fade0000000 ---p 00000000 00:00 0 
7fade0000000-7fade002e000 rw-p 00000000 00:00 0 
7fade002e000-7fade4000000 ---p 00000000 00:00 0 
7fade4000000-7fade4021000 rw-p 00000000 00:00 0 
7fade4021000-7fade8000000 ---p 00000000 00:00 0 
7fade8000000-7fade8026000 rw-p 00000000 00:00 0 
7fade8026000-7fadec000000 ---p 00000000 00:00 0 
7fadec000000-7fadec021000 rw-p 00000000 00:00 0 
7fadec021000-7fadf0000000 ---p 00000000 00:00 0 
7fadf0000000-7fadf0021000 rw-p 00000000 00:00 0 
7fadf0021000-7fadf4000000 ---p 00000000 00:00 0 
7fadf4000000-7fadf4021000 rw-p 00000000 00:00 0 
7fadf4021000-7fadf8000000 ---p 00000000 00:00 0 
7fadf8000000-7fadf871b000 rw-p 00000000 00:00 0 
7fadf871b000-7fadfc000000 ---p 00000000 00:00 0 
7fadfc000000-7fadfc021000 rw-p 00000000 00:00 0 
7fadfc021000-7fae00000000 ---p 00000000 00:00 0 
7fae00000000-7fae00021000 rw-p 00000000 00:00 0 
7fae00021000-7fae04000000 ---p 00000000 00:00 0 
7fae04000000-7fae0449c000 rw-p 00000000 00:00 0 
7fae0449c000-7fae08000000 ---p 00000000 00:00 0 
7fae08000000-7fae08021000 rw-p 00000000 00:00 0 
7fae08021000-7fae0c000000 ---p 00000000 00:00 0 
7fae0c000000-7fae0c021000 rw-p 00000000 00:00 0 
7fae0c021000-7fae10000000 ---p 00000000 00:00 0 
7fae10000000-7fae10021000 rw-p 00000000 00:00 0 
7fae10021000-7fae14000000 ---p 00000000 00:00 0 
7fae15b98000-7fae15b9b000 ---p 00000000 00:00 0 
7fae15b9b000-7fae15c99000 rw-p 00000000 00:00 0                          [stack:13864]
7fae15c99000-7fae15c9c000 ---p 00000000 00:00 0 
7fae15c9c000-7fae15d9a000 rw-p 00000000 00:00 0 
7fae15d9a000-7fae15dd4000 r-xp 00000000 08:01 413770                     /usr/lib/jvm/java-7-oracle/jre/lib/amd64/libjpeg.so
7fae15dd4000-7fae15fd4000 ---p 0003a000 08:01 413770                     /usr/lib/jvm/java-7-oracle/jre/lib/amd64/libjpeg.so
7fae15fd4000-7fae15fd5000 rw-p 0003a000 08:01 413770                     /usr/lib/jvm/java-7-oracle/jre/lib/amd64/libjpeg.so
7fae15fd5000-7fae15fd8000 ---p 00000000 00:00 0 
7fae15fd8000-7fae160d6000 rw-p 00000000 00:00 0 
7fae160d6000-7fae160d9000 ---p 00000000 00:00 0 
7fae160d9000-7fae161d7000 rw-p 00000000 00:00 0 
7fae161d7000-7fae161da000 ---p 00000000 00:00 0 
7fae161da000-7fae162d8000 rw-p 00000000 00:00 0 
7fae162d8000-7fae16341000 r-xp 00000000 08:01 413792                     /usr/lib/jvm/java-7-oracle/jre/lib/amd64/libt2k.so
7fae16341000-7fae16540000 ---p 00069000 08:01 413792                     /usr/lib/jvm/java-7-oracle/jre/lib/amd64/libt2k.so
7fae16540000-7fae16547000 rw-p 00068000 08:01 413792                     /usr/lib/jvm/java-7-oracle/jre/lib/amd64/libt2k.so
7fae16547000-7fae16557000 rw-p 00000000 00:00 0 
7fae16557000-7fae16567000 r-xp 00000000 08:01 413766                     /usr/lib/jvm/java-7-oracle/jre/lib/amd64/libnio.so
7fae16567000-7fae16767000 ---p 00010000 08:01 413766                     /usr/lib/jvm/java-7-oracle/jre/lib/amd64/libnio.so
7fae16767000-7fae16768000 rw-p 00010000 08:01 413766                     /usr/lib/jvm/java-7-oracle/jre/lib/amd64/libnio.so
7fae16768000-7fae1677e000 r-xp 00000000 08:01 413788                     /usr/lib/jvm/java-7-oracle/jre/lib/amd64/libnet.so
7fae1677e000-7fae1697e000 ---p 00016000 08:01 413788                     /usr/lib/jvm/java-7-oracle/jre/lib/amd64/libnet.so
7fae1697e000-7fae1697f000 rw-p 00016000 08:01 413788                     /usr/lib/jvm/java-7-oracle/jre/lib/amd64/libnet.so
7fae1697f000-7fae16982000 ---p 00000000 00:00 0 
7fae16982000-7fae16a80000 rw-p 00000000 00:00 0                          [stack:13856]
7fae16a80000-7fae16a96000 r-xp 00000000 08:01 796807                     /lib/x86_64-linux-gnu/libgcc_s.so.1
7fae16a96000-7fae16c95000 ---p 00016000 08:01 796807                     /lib/x86_64-linux-gnu/libgcc_s.so.1
7fae16c95000-7fae16c96000 rw-p 00015000 08:01 796807                     /lib/x86_64-linux-gnu/libgcc_s.so.1
7fae16c96000-7fae16cfb000 r-xp 00000000 08:01 413780                     /usr/lib/jvm/java-7-oracle/jre/lib/amd64/libfontmanager.so
7fae16cfb000-7fae16efa000 ---p 00065000 08:01 413780                     /usr/lib/jvm/java-7-oracle/jre/lib/amd64/libfontmanager.so
7fae16efa000-7fae16efe000 rw-p 00064000 08:01 413780                     /usr/lib/jvm/java-7-oracle/jre/lib/amd64/libfontmanager.so
7fae16efe000-7fae16f0f000 rw-p 00000000 00:00 0 
7fae16f0f000-7fae16f12000 ---p 00000000 00:00 0 
7fae16f12000-7fae17010000 rw-p 00000000 00:00 0                          [stack:13855]
7fae17010000-7fae17013000 ---p 00000000 00:00 0 
7fae17013000-7fae17111000 rw-p 00000000 00:00 0                          [stack:13854]
7fae17111000-7fae17116000 r-xp 00000000 08:01 403030                     /usr/lib/x86_64-linux-gnu/libXfixes.so.3.1.0
7fae17116000-7fae17315000 ---p 00005000 08:01 403030                     /usr/lib/x86_64-linux-gnu/libXfixes.so.3.1.0
7fae17315000-7fae17316000 r--p 00004000 08:01 403030                     /usr/lib/x86_64-linux-gnu/libXfixes.so.3.1.0
7fae17316000-7fae17317000 rw-p 00005000 08:01 403030                     /usr/lib/x86_64-linux-gnu/libXfixes.so.3.1.0
7fae17317000-7fae17320000 r-xp 00000000 08:01 403022                     /usr/lib/x86_64-linux-gnu/libXcursor.so.1.0.2
7fae17320000-7fae1751f000 ---p 00009000 08:01 403022                     /usr/lib/x86_64-linux-gnu/libXcursor.so.1.0.2
7fae1751f000-7fae17520000 r--p 00008000 08:01 403022                     /usr/lib/x86_64-linux-gnu/libXcursor.so.1.0.2
7fae17520000-7fae17521000 rw-p 00009000 08:01 403022                     /usr/lib/x86_64-linux-gnu/libXcursor.so.1.0.2
7fae17521000-7fae17526000 r-xp 00000000 08:01 403026                     /usr/lib/x86_64-linux-gnu/libXdmcp.so.6.0.0
7fae17526000-7fae17725000 ---p 00005000 08:01 403026                     /usr/lib/x86_64-linux-gnu/libXdmcp.so.6.0.0
7fae17725000-7fae17726000 r--p 00004000 08:01 403026                     /usr/lib/x86_64-linux-gnu/libXdmcp.so.6.0.0
7fae17726000-7fae17727000 rw-p 00005000 08:01 403026                     /usr/lib/x86_64-linux-gnu/libXdmcp.so.6.0.0
7fae17727000-7fae17729000 r-xp 00000000 08:01 403015                     /usr/lib/x86_64-linux-gnu/libXau.so.6.0.0
7fae17729000-7fae17929000 ---p 00002000 08:01 403015                     /usr/lib/x86_64-linux-gnu/libXau.so.6.0.0
7fae17929000-7fae1792a000 r--p 00002000 08:01 403015                     /usr/lib/x86_64-linux-gnu/libXau.so.6.0.0
7fae1792a000-7fae1792b000 rw-p 00003000 08:01 403015                     /usr/lib/x86_64-linux-gnu/libXau.so.6.0.0
7fae1792b000-7fae17948000 r-xp 00000000 08:01 404085                     /usr/lib/x86_64-linux-gnu/libxcb.so.1.1.0
7fae17948000-7fae17b48000 ---p 0001d000 08:01 404085                     /usr/lib/x86_64-linux-gnu/libxcb.so.1.1.0
7fae17b48000-7fae17b49000 r--p 0001d000 08:01 404085                     /usr/lib/x86_64-linux-gnu/libxcb.so.1.1.0
7fae17b49000-7fae17b4a000 rw-p 0001e000 08:01 404085                     /usr/lib/x86_64-linux-gnu/libxcb.so.1.1.0
7fae17b4a000-7fae17b59000 r-xp 00000000 08:01 403036                     /usr/lib/x86_64-linux-gnu/libXi.so.6.1.0
7fae17b59000-7fae17d58000 ---p 0000f000 08:01 403036                     /usr/lib/x86_64-linux-gnu/libXi.so.6.1.0
7fae17d58000-7fae17d59000 r--p 0000e000 08:01 403036                     /usr/lib/x86_64-linux-gnu/libXi.so.6.1.0
7fae17d59000-7fae17d5a000 rw-p 0000f000 08:01 403036                     /usr/lib/x86_64-linux-gnu/libXi.so.6.1.0
7fae17d5a000-7fae17d5f000 r-xp 00000000 08:01 403056                     /usr/lib/x86_64-linux-gnu/libXtst.so.6.1.0
7fae17d5f000-7fae17f5e000 ---p 00005000 08:01 403056                     /usr/lib/x86_64-linux-gnu/libXtst.so.6.1.0
7fae17f5e000-7fae17f5f000 r--p 00004000 08:01 403056                     /usr/lib/x86_64-linux-gnu/libXtst.so.6.1.0
7fae17f5f000-7fae17f60000 rw-p 00005000 08:01 403056                     /usr/lib/x86_64-linux-gnu/libXtst.so.6.1.0
7fae17f60000-7fae1c000000 rw-p 00000000 00:00 0 
7fae1c000000-7fae1c021000 rw-p 00000000 00:00 0 
7fae1c021000-7fae20000000 ---p 00000000 00:00 0 
7fae20000000-7fae20021000 rw-p 00000000 00:00 0 
7fae20021000-7fae24000000 ---p 00000000 00:00 0 
7fae24000000-7fae24021000 rw-p 00000000 00:00 0 
7fae24021000-7fae28000000 ---p 00000000 00:00 0 
7fae28000000-7fae28021000 rw-p 00000000 00:00 0 
7fae28021000-7fae2c000000 ---p 00000000 00:00 0 
7fae2c058000-7fae2c085000 rw-s 00000000 00:04 8814617                    /SYSV00000000 (deleted)
7fae2c085000-7fae2c088000 ---p 00000000 00:00 0 
7fae2c088000-7fae2c186000 rw-p 00000000 00:00 0                          [stack:13853]
7fae2c186000-7fae2c18f000 r-xp 00000000 08:01 403050                     /usr/lib/x86_64-linux-gnu/libXrender.so.1.3.0
7fae2c18f000-7fae2c38e000 ---p 00009000 08:01 403050                     /usr/lib/x86_64-linux-gnu/libXrender.so.1.3.0
7fae2c38e000-7fae2c38f000 r--p 00008000 08:01 403050                     /usr/lib/x86_64-linux-gnu/libXrender.so.1.3.0
7fae2c38f000-7fae2c390000 rw-p 00009000 08:01 403050                     /usr/lib/x86_64-linux-gnu/libXrender.so.1.3.0
7fae2c390000-7fae2c4c0000 r-xp 00000000 08:01 403011                     /usr/lib/x86_64-linux-gnu/libX11.so.6.3.0
7fae2c4c0000-7fae2c6c0000 ---p 00130000 08:01 403011                     /usr/lib/x86_64-linux-gnu/libX11.so.6.3.0
7fae2c6c0000-7fae2c6c1000 r--p 00130000 08:01 403011                     /usr/lib/x86_64-linux-gnu/libX11.so.6.3.0
7fae2c6c1000-7fae2c6c5000 rw-p 00131000 08:01 403011                     /usr/lib/x86_64-linux-gnu/libX11.so.6.3.0
7fae2c6c5000-7fae2c6d6000 r-xp 00000000 08:01 403028                     /usr/lib/x86_64-linux-gnu/libXext.so.6.4.0
7fae2c6d6000-7fae2c8d5000 ---p 00011000 08:01 403028                     /usr/lib/x86_64-linux-gnu/libXext.so.6.4.0
7fae2c8d5000-7fae2c8d6000 r--p 00010000 08:01 403028                     /usr/lib/x86_64-linux-gnu/libXext.so.6.4.0
7fae2c8d6000-7fae2c8d7000 rw-p 00011000 08:01 403028                     /usr/lib/x86_64-linux-gnu/libXext.so.6.4.0
7fae2c8d7000-7fae2c927000 r-xp 00000000 08:01 413741                     /usr/lib/jvm/java-7-oracle/jre/lib/amd64/xawt/libmawt.so
7fae2c927000-7fae2cb27000 ---p 00050000 08:01 413741                     /usr/lib/jvm/java-7-oracle/jre/lib/amd64/xawt/libmawt.so
7fae2cb27000-7fae2cb2b000 rw-p 00050000 08:01 413741                     /usr/lib/jvm/java-7-oracle/jre/lib/amd64/xawt/libmawt.so
7fae2cb2b000-7fae2cb2c000 rw-p 00000000 00:00 0 
7fae2cb2c000-7fae2cbce000 r-xp 00000000 08:01 413783                     /usr/lib/jvm/java-7-oracle/jre/lib/amd64/libawt.so
7fae2cbce000-7fae2cdce000 ---p 000a2000 08:01 413783                     /usr/lib/jvm/java-7-oracle/jre/lib/amd64/libawt.so
7fae2cdce000-7fae2cdda000 rw-p 000a2000 08:01 413783                     /usr/lib/jvm/java-7-oracle/jre/lib/amd64/libawt.so
7fae2cdda000-7fae2cdfe000 rw-p 00000000 00:00 0 
7fae2cdfe000-7fae2cdff000 ---p 00000000 00:00 0 
7fae2cdff000-7fae2ceff000 rw-p 00000000 00:00 0                          [stack:13852]
7fae2ceff000-7fae2cf02000 ---p 00000000 00:00 0 
7fae2cf02000-7fae2d000000 rw-p 00000000 00:00 0                          [stack:13851]
7fae2d000000-7fae2d270000 rwxp 00000000 00:00 0 
7fae2d270000-7fae3029a000 rw-p 00000000 00:00 0 
7fae3029a000-7fae34000000 ---p 00000000 00:00 0 
7fae3400b000-7fae3400c000 r--s 00000000 08:01 1597199                    /var/cache/fontconfig/c05880de57d1f5e948fdfacc138775d9-le64.cache-4
7fae3400c000-7fae34017000 r--s 00000000 08:01 1597193                    /var/cache/fontconfig/945677eb7aeaf62f1d50efc3fb3ec7d8-le64.cache-4
7fae34017000-7fae3401d000 r--s 00000000 08:01 1597179                    /var/cache/fontconfig/2cd17615ca594fa2959ae173292e504c-le64.cache-4
7fae3401d000-7fae3401e000 r--s 00000000 08:01 1597209                    /var/cache/fontconfig/e7071f4a29fa870f4323321c154eba04-le64.cache-4
7fae3401e000-7fae3401f000 r--s 00000000 08:01 1597176                    /var/cache/fontconfig/0d8c3b2ac0904cb8a57a757ad11a4a08-le64.cache-4
7fae3401f000-7fae34026000 r--s 00000000 08:01 1597196                    /var/cache/fontconfig/a755afe4a08bf5b97852ceb7400b47bc-le64.cache-4
7fae34026000-7fae3402a000 r--s 00000000 08:01 1597339                    /var/cache/fontconfig/6d41288fd70b0be22e8c3a91e032eec0-le64.cache-4
7fae3402a000-7fae3402e000 r--s 00000000 08:01 1609799                    /var/cache/fontconfig/de156ccd2eddbdc19d37a45b8b2aac9c-le64.cache-4
7fae3402e000-7fae34042000 r--s 00000000 08:01 1597174                    /var/cache/fontconfig/04aabc0a78ac019cf9454389977116d2-le64.cache-4
7fae34042000-7fae34043000 r--s 00000000 08:01 1597178                    /var/cache/fontconfig/1ac9eb803944fde146138c791f5cc56a-le64.cache-4
7fae34043000-7fae34047000 r--s 00000000 08:01 1597182                    /var/cache/fontconfig/385c0604a188198f04d133e54aba7fe7-le64.cache-4
7fae34047000-7fae34048000 r--s 00000000 08:01 1597206                    /var/cache/fontconfig/dc05db6664285cc2f12bf69c139ae4c3-le64.cache-4
7fae34048000-7fae3404a000 r--s 00000000 08:01 1597190                    /var/cache/fontconfig/767a8244fc0220cfb567a839d0392e0b-le64.cache-4
7fae3404a000-7fae3404b000 r--s 00000000 08:01 1597184                    /var/cache/fontconfig/4794a0821666d79190d59a36cb4f44b5-le64.cache-4
7fae3404b000-7fae34052000 r--s 00000000 08:01 1597180                    /var/cache/fontconfig/3047814df9a2f067bd2d96a2b9c36e5a-le64.cache-4
7fae34052000-7fae34065000 r--s 00000000 08:01 1597203                    /var/cache/fontconfig/d52a8644073d54c13679302ca1180695-le64.cache-4
7fae34065000-7fae34068000 ---p 00000000 00:00 0 
7fae34068000-7fae34166000 rw-p 00000000 00:00 0                          [stack:13850]
7fae34166000-7fae34169000 ---p 00000000 00:00 0 
7fae34169000-7fae34267000 rw-p 00000000 00:00 0                          [stack:13849]
7fae34267000-7fae3426a000 ---p 00000000 00:00 0 
7fae3426a000-7fae34368000 rw-p 00000000 00:00 0                          [stack:13848]
7fae34368000-7fae34a67000 r--p 00000000 08:01 401427                     /usr/lib/locale/locale-archive
7fae34a67000-7fae34a6a000 ---p 00000000 00:00 0 
7fae34a6a000-7fae34b68000 rw-p 00000000 00:00 0                          [stack:13847]
7fae34b68000-7fae34b6b000 ---p 00000000 00:00 0 
7fae34b6b000-7fae34c69000 rw-p 00000000 00:00 0                          [stack:13846]
7fae34c69000-7fae34c6a000 ---p 00000000 00:00 0 
7fae34c6a000-7fae35d69000 rw-p 00000000 00:00 0                          [stack:13845]
7fae35d69000-7fae35f28000 r--s 039e5000 08:01 413913                     /usr/lib/jvm/java-7-oracle/jre/lib/rt.jar
7fae35f28000-7fae36454000 rw-p 00000000 00:00 0 
7fae36454000-7fae36455000 ---p 00000000 00:00 0 
7fae36455000-7fae36555000 rw-p 00000000 00:00 0                          [stack:13843]
7fae36555000-7fae36556000 ---p 00000000 00:00 0 
7fae36556000-7fae36656000 rw-p 00000000 00:00 0                          [stack:13842]
7fae36656000-7fae36657000 ---p 00000000 00:00 0 
7fae36657000-7fae36757000 rw-p 00000000 00:00 0                          [stack:13841]
7fae36757000-7fae36758000 ---p 00000000 00:00 0 
7fae36758000-7fae36863000 rw-p 00000000 00:00 0                          [stack:13840]
7fae36863000-7fae36881000 rw-p 00000000 00:00 0 
7fae36881000-7fae368ab000 rw-p 00000000 00:00 0 
7fae368ab000-7fae36b17000 rw-p 00000000 00:00 0 
7fae36b17000-7fae36b22000 rw-p 00000000 00:00 0 
7fae36b22000-7fae36b40000 rw-p 00000000 00:00 0 
7fae36b40000-7fae36b6a000 rw-p 00000000 00:00 0 
7fae36b6a000-7fae36dd6000 rw-p 00000000 00:00 0 
7fae36dd6000-7fae36deb000 rw-p 00000000 00:00 0 
7fae36deb000-7fae36f21000 rw-p 00000000 00:00 0 
7fae36f21000-7fae36f22000 rw-p 00000000 00:00 0 
7fae36f22000-7fae36f3c000 r-xp 00000000 08:01 413785                     /usr/lib/jvm/java-7-oracle/jre/lib/amd64/libzip.so
7fae36f3c000-7fae3713c000 ---p 0001a000 08:01 413785                     /usr/lib/jvm/java-7-oracle/jre/lib/amd64/libzip.so
7fae3713c000-7fae3713d000 rw-p 0001a000 08:01 413785                     /usr/lib/jvm/java-7-oracle/jre/lib/amd64/libzip.so
7fae3713d000-7fae37148000 r-xp 00000000 08:01 799663                     /lib/x86_64-linux-gnu/libnss_files-2.19.so
7fae37148000-7fae37347000 ---p 0000b000 08:01 799663                     /lib/x86_64-linux-gnu/libnss_files-2.19.so
7fae37347000-7fae37348000 r--p 0000a000 08:01 799663                     /lib/x86_64-linux-gnu/libnss_files-2.19.so
7fae37348000-7fae37349000 rw-p 0000b000 08:01 799663                     /lib/x86_64-linux-gnu/libnss_files-2.19.so
7fae37349000-7fae37354000 r-xp 00000000 08:01 799664                     /lib/x86_64-linux-gnu/libnss_nis-2.19.so
7fae37354000-7fae37553000 ---p 0000b000 08:01 799664                     /lib/x86_64-linux-gnu/libnss_nis-2.19.so
7fae37553000-7fae37554000 r--p 0000a000 08:01 799664                     /lib/x86_64-linux-gnu/libnss_nis-2.19.so
7fae37554000-7fae37555000 rw-p 0000b000 08:01 799664                     /lib/x86_64-linux-gnu/libnss_nis-2.19.so
7fae37555000-7fae3756c000 r-xp 00000000 08:01 799650                     /lib/x86_64-linux-gnu/libnsl-2.19.so
7fae3756c000-7fae3776b000 ---p 00017000 08:01 799650                     /lib/x86_64-linux-gnu/libnsl-2.19.so
7fae3776b000-7fae3776c000 r--p 00016000 08:01 799650                     /lib/x86_64-linux-gnu/libnsl-2.19.so
7fae3776c000-7fae3776d000 rw-p 00017000 08:01 799650                     /lib/x86_64-linux-gnu/libnsl-2.19.so
7fae3776d000-7fae3776f000 rw-p 00000000 00:00 0 
7fae3776f000-7fae37778000 r-xp 00000000 08:01 799638                     /lib/x86_64-linux-gnu/libnss_compat-2.19.so
7fae37778000-7fae37977000 ---p 00009000 08:01 799638                     /lib/x86_64-linux-gnu/libnss_compat-2.19.so
7fae37977000-7fae37978000 r--p 00008000 08:01 799638                     /lib/x86_64-linux-gnu/libnss_compat-2.19.so
7fae37978000-7fae37979000 rw-p 00009000 08:01 799638                     /lib/x86_64-linux-gnu/libnss_compat-2.19.so
7fae37979000-7fae379a2000 r-xp 00000000 08:01 413758                     /usr/lib/jvm/java-7-oracle/jre/lib/amd64/libjava.so
7fae379a2000-7fae37ba2000 ---p 00029000 08:01 413758                     /usr/lib/jvm/java-7-oracle/jre/lib/amd64/libjava.so
7fae37ba2000-7fae37ba4000 rw-p 00029000 08:01 413758                     /usr/lib/jvm/java-7-oracle/jre/lib/amd64/libjava.so
7fae37ba4000-7fae37bb1000 r-xp 00000000 08:01 413764                     /usr/lib/jvm/java-7-oracle/jre/lib/amd64/libverify.so
7fae37bb1000-7fae37db0000 ---p 0000d000 08:01 413764                     /usr/lib/jvm/java-7-oracle/jre/lib/amd64/libverify.so
7fae37db0000-7fae37db2000 rw-p 0000c000 08:01 413764                     /usr/lib/jvm/java-7-oracle/jre/lib/amd64/libverify.so
7fae37db2000-7fae37db9000 r-xp 00000000 08:01 799652                     /lib/x86_64-linux-gnu/librt-2.19.so
7fae37db9000-7fae37fb8000 ---p 00007000 08:01 799652                     /lib/x86_64-linux-gnu/librt-2.19.so
7fae37fb8000-7fae37fb9000 r--p 00006000 08:01 799652                     /lib/x86_64-linux-gnu/librt-2.19.so
7fae37fb9000-7fae37fba000 rw-p 00007000 08:01 799652                     /lib/x86_64-linux-gnu/librt-2.19.so
7fae37fba000-7fae380bf000 r-xp 00000000 08:01 799659                     /lib/x86_64-linux-gnu/libm-2.19.so
7fae380bf000-7fae382be000 ---p 00105000 08:01 799659                     /lib/x86_64-linux-gnu/libm-2.19.so
7fae382be000-7fae382bf000 r--p 00104000 08:01 799659                     /lib/x86_64-linux-gnu/libm-2.19.so
7fae382bf000-7fae382c0000 rw-p 00105000 08:01 799659                     /lib/x86_64-linux-gnu/libm-2.19.so
7fae382c0000-7fae38e30000 r-xp 00000000 08:01 413761                     /usr/lib/jvm/java-7-oracle/jre/lib/amd64/server/libjvm.so
7fae38e30000-7fae3902f000 ---p 00b70000 08:01 413761                     /usr/lib/jvm/java-7-oracle/jre/lib/amd64/server/libjvm.so
7fae3902f000-7fae390f4000 rw-p 00b6f000 08:01 413761                     /usr/lib/jvm/java-7-oracle/jre/lib/amd64/server/libjvm.so
7fae390f4000-7fae39134000 rw-p 00000000 00:00 0 
7fae39134000-7fae392ef000 r-xp 00000000 08:01 799656                     /lib/x86_64-linux-gnu/libc-2.19.so
7fae392ef000-7fae394ef000 ---p 001bb000 08:01 799656                     /lib/x86_64-linux-gnu/libc-2.19.so
7fae394ef000-7fae394f3000 r--p 001bb000 08:01 799656                     /lib/x86_64-linux-gnu/libc-2.19.so
7fae394f3000-7fae394f5000 rw-p 001bf000 08:01 799656                     /lib/x86_64-linux-gnu/libc-2.19.so
7fae394f5000-7fae394fa000 rw-p 00000000 00:00 0 
7fae394fa000-7fae394fd000 r-xp 00000000 08:01 799668                     /lib/x86_64-linux-gnu/libdl-2.19.so
7fae394fd000-7fae396fc000 ---p 00003000 08:01 799668                     /lib/x86_64-linux-gnu/libdl-2.19.so
7fae396fc000-7fae396fd000 r--p 00002000 08:01 799668                     /lib/x86_64-linux-gnu/libdl-2.19.so
7fae396fd000-7fae396fe000 rw-p 00003000 08:01 799668                     /lib/x86_64-linux-gnu/libdl-2.19.so
7fae396fe000-7fae39714000 r-xp 00000000 08:01 541501                     /usr/lib/jvm/java-7-oracle/lib/amd64/jli/libjli.so
7fae39714000-7fae39914000 ---p 00016000 08:01 541501                     /usr/lib/jvm/java-7-oracle/lib/amd64/jli/libjli.so
7fae39914000-7fae39915000 rw-p 00016000 08:01 541501                     /usr/lib/jvm/java-7-oracle/lib/amd64/jli/libjli.so
7fae39915000-7fae3992e000 r-xp 00000000 08:01 799669                     /lib/x86_64-linux-gnu/libpthread-2.19.so
7fae3992e000-7fae39b2d000 ---p 00019000 08:01 799669                     /lib/x86_64-linux-gnu/libpthread-2.19.so
7fae39b2d000-7fae39b2e000 r--p 00018000 08:01 799669                     /lib/x86_64-linux-gnu/libpthread-2.19.so
7fae39b2e000-7fae39b2f000 rw-p 00019000 08:01 799669                     /lib/x86_64-linux-gnu/libpthread-2.19.so
7fae39b2f000-7fae39b33000 rw-p 00000000 00:00 0 
7fae39b33000-7fae39b56000 r-xp 00000000 08:01 799657                     /lib/x86_64-linux-gnu/ld-2.19.so
7fae39b56000-7fae39b5b000 r--s 00000000 08:01 1597192                    /var/cache/fontconfig/8801497958630a81b71ace7c5f9b32a8-le64.cache-4
7fae39b5b000-7fae39b61000 r--s 00000000 08:01 1597197                    /var/cache/fontconfig/b47c4e1ecd0709278f4910c18777a504-le64.cache-4
7fae39b61000-7fae39b6a000 r--s 00000000 08:01 1597183                    /var/cache/fontconfig/3f7329c5293ffd510edef78f73874cfd-le64.cache-4
7fae39b6a000-7fae39b6e000 r--s 00000000 08:01 1597204                    /var/cache/fontconfig/d589a48862398ed80a3d6066f4f56f4c-le64.cache-4
7fae39b6e000-7fae39b78000 rw-p 00000000 00:00 0 
7fae39b78000-7fae39c2e000 rw-p 00000000 00:00 0 
7fae39c2e000-7fae39c31000 ---p 00000000 00:00 0 
7fae39c31000-7fae39d33000 rw-p 00000000 00:00 0                          [stack:13834]
7fae39d33000-7fae39d34000 r--s 00000000 08:01 1597186                    /var/cache/fontconfig/56cf4f4769d0f4abc89a4895d7bd3ae1-le64.cache-4
7fae39d34000-7fae39d35000 r--s 00000000 08:01 1597198                    /var/cache/fontconfig/b9d506c9ac06c20b433354fa67a72993-le64.cache-4
7fae39d35000-7fae39d36000 r--s 00000000 08:01 1597175                    /var/cache/fontconfig/0c9eb80ebd1c36541ebe2852d3bb0c49-le64.cache-4
7fae39d36000-7fae39d37000 r--s 00000000 08:01 1603400                    /var/cache/fontconfig/62f91419b9ebdb6975e7e41ab6412357-le64.cache-4
7fae39d37000-7fae39d44000 r--s 00000000 08:01 1603442                    /var/cache/fontconfig/e13b20fdb08344e0e664864cc2ede53d-le64.cache-4
7fae39d44000-7fae39d48000 r--s 00000000 08:01 1609798                    /var/cache/fontconfig/7ef2298fde41cc6eeb7af42e48b7d293-le64.cache-4
7fae39d48000-7fae39d49000 r--s 00000000 08:06 3541608                    /home/martin/.cache/fontconfig/e3bb02e0ec69e5a09c14fd8bd998996d-le64.cache-4
7fae39d49000-7fae39d51000 rw-s 00000000 08:01 2228579                    /tmp/hsperfdata_martin/13831
7fae39d51000-7fae39d52000 rw-p 00000000 00:00 0 
7fae39d52000-7fae39d53000 r--p 00000000 00:00 0 
7fae39d53000-7fae39d55000 rw-p 00000000 00:00 0 
7fae39d55000-7fae39d56000 r--p 00022000 08:01 799657                     /lib/x86_64-linux-gnu/ld-2.19.so
7fae39d56000-7fae39d57000 rw-p 00023000 08:01 799657                     /lib/x86_64-linux-gnu/ld-2.19.so
7fae39d57000-7fae39d58000 rw-p 00000000 00:00 0 
7ffff3a3a000-7ffff3a5b000 rw-p 00000000 00:00 0                          [stack]
7ffff3ba8000-7ffff3baa000 r-xp 00000000 00:00 0                          [vdso]
ffffffffff600000-ffffffffff601000 r-xp 00000000 00:00 0                  [vsyscall]

VM Arguments:
jvm_args: -Dfile.encoding=UTF-8 
java_command: GuiStarter
Launcher Type: SUN_STANDARD

Environment Variables:
JAVA_HOME=/usr/lib/jvm/java-7-oracle
PATH=/usr/local/sbin:/usr/local/bin:/usr/sbin:/usr/bin:/sbin:/bin:/usr/games:/usr/local/games
USERNAME=martin
SHELL=/bin/bash
DISPLAY=:0

Signal Handlers:
SIGSEGV: [libjvm.so+0x99f4a0], sa_mask[0]=0x7ffbfeff, sa_flags=0x10000004
SIGBUS: [libjvm.so+0x99f4a0], sa_mask[0]=0x7ffbfeff, sa_flags=0x10000004
SIGFPE: [libjvm.so+0x81a860], sa_mask[0]=0x7ffbfeff, sa_flags=0x10000004
SIGPIPE: [libjvm.so+0x81a860], sa_mask[0]=0x7ffbfeff, sa_flags=0x10000004
SIGXFSZ: [libjvm.so+0x81a860], sa_mask[0]=0x7ffbfeff, sa_flags=0x10000004
SIGILL: [libjvm.so+0x81a860], sa_mask[0]=0x7ffbfeff, sa_flags=0x10000004
SIGUSR1: SIG_DFL, sa_mask[0]=0x00000000, sa_flags=0x00000000
SIGUSR2: [libjvm.so+0x81c060], sa_mask[0]=0x00000004, sa_flags=0x10000004
SIGHUP: [libjvm.so+0x81d160], sa_mask[0]=0x7ffbfeff, sa_flags=0x10000004
SIGINT: [libjvm.so+0x81d160], sa_mask[0]=0x7ffbfeff, sa_flags=0x10000004
SIGTERM: [libjvm.so+0x81d160], sa_mask[0]=0x7ffbfeff, sa_flags=0x10000004
SIGQUIT: [libjvm.so+0x81d160], sa_mask[0]=0x7ffbfeff, sa_flags=0x10000004


---------------  S Y S T E M  ---------------

OS:jessie/sid

uname:Linux 3.13.0-32-generic #57-Ubuntu SMP Tue Jul 15 03:51:08 UTC 2014 x86_64
libc:glibc 2.19 NPTL 2.19 
rlimit: STACK 8192k, CORE 0k, NPROC 63361, NOFILE 4096, AS infinity
load average:0.47 0.45 0.62

/proc/meminfo:
MemTotal:        8131824 kB
MemFree:         4922036 kB
Buffers:          229688 kB
Cached:          1528072 kB
SwapCached:            0 kB
Active:          1763612 kB
Inactive:        1212940 kB
Active(anon):    1221432 kB
Inactive(anon):    55280 kB
Active(file):     542180 kB
Inactive(file):  1157660 kB
Unevictable:          16 kB
Mlocked:              16 kB
SwapTotal:       3998716 kB
SwapFree:        3998716 kB
Dirty:               124 kB
Writeback:             0 kB
AnonPages:       1217416 kB
Mapped:           327152 kB
Shmem:             58332 kB
Slab:             119344 kB
SReclaimable:      80616 kB
SUnreclaim:        38728 kB
KernelStack:        3984 kB
PageTables:        25464 kB
NFS_Unstable:          0 kB
Bounce:                0 kB
WritebackTmp:          0 kB
CommitLimit:     8064628 kB
Committed_AS:    4625308 kB
VmallocTotal:   34359738367 kB
VmallocUsed:      140276 kB
VmallocChunk:   34359497856 kB
HardwareCorrupted:     0 kB
AnonHugePages:    485376 kB
HugePages_Total:       0
HugePages_Free:        0
HugePages_Rsvd:        0
HugePages_Surp:        0
Hugepagesize:       2048 kB
DirectMap4k:       77264 kB
DirectMap2M:     8267776 kB


CPU:total 4 (2 cores per cpu, 2 threads per core) family 6 model 42 stepping 7, cmov, cx8, fxsr, mmx, sse, sse2, sse3, ssse3, sse4.1, sse4.2, popcnt, avx, ht, tsc, tscinvbit

/proc/cpuinfo:
processor	: 0
vendor_id	: GenuineIntel
cpu family	: 6
model		: 42
model name	: Intel(R) Core(TM) i5-2410M CPU @ 2.30GHz
stepping	: 7
microcode	: 0x12
cpu MHz		: 2301.000
cache size	: 3072 KB
physical id	: 0
siblings	: 4
core id		: 0
cpu cores	: 2
apicid		: 0
initial apicid	: 0
fpu		: yes
fpu_exception	: yes
cpuid level	: 13
wp		: yes
flags		: fpu vme de pse tsc msr pae mce cx8 apic sep mtrr pge mca cmov pat pse36 clflush dts acpi mmx fxsr sse sse2 ss ht tm pbe syscall nx rdtscp lm constant_tsc arch_perfmon pebs bts rep_good nopl xtopology nonstop_tsc aperfmperf eagerfpu pni pclmulqdq dtes64 monitor ds_cpl vmx est tm2 ssse3 cx16 xtpr pdcm pcid sse4_1 sse4_2 x2apic popcnt tsc_deadline_timer xsave avx lahf_lm ida arat epb xsaveopt pln pts dtherm tpr_shadow vnmi flexpriority ept vpid
bogomips	: 4589.61
clflush size	: 64
cache_alignment	: 64
address sizes	: 36 bits physical, 48 bits virtual
power management:

processor	: 1
vendor_id	: GenuineIntel
cpu family	: 6
model		: 42
model name	: Intel(R) Core(TM) i5-2410M CPU @ 2.30GHz
stepping	: 7
microcode	: 0x12
cpu MHz		: 2301.000
cache size	: 3072 KB
physical id	: 0
siblings	: 4
core id		: 1
cpu cores	: 2
apicid		: 2
initial apicid	: 2
fpu		: yes
fpu_exception	: yes
cpuid level	: 13
wp		: yes
flags		: fpu vme de pse tsc msr pae mce cx8 apic sep mtrr pge mca cmov pat pse36 clflush dts acpi mmx fxsr sse sse2 ss ht tm pbe syscall nx rdtscp lm constant_tsc arch_perfmon pebs bts rep_good nopl xtopology nonstop_tsc aperfmperf eagerfpu pni pclmulqdq dtes64 monitor ds_cpl vmx est tm2 ssse3 cx16 xtpr pdcm pcid sse4_1 sse4_2 x2apic popcnt tsc_deadline_timer xsave avx lahf_lm ida arat epb xsaveopt pln pts dtherm tpr_shadow vnmi flexpriority ept vpid
bogomips	: 4589.61
clflush size	: 64
cache_alignment	: 64
address sizes	: 36 bits physical, 48 bits virtual
power management:

processor	: 2
vendor_id	: GenuineIntel
cpu family	: 6
model		: 42
model name	: Intel(R) Core(TM) i5-2410M CPU @ 2.30GHz
stepping	: 7
microcode	: 0x12
cpu MHz		: 2301.000
cache size	: 3072 KB
physical id	: 0
siblings	: 4
core id		: 0
cpu cores	: 2
apicid		: 1
initial apicid	: 1
fpu		: yes
fpu_exception	: yes
cpuid level	: 13
wp		: yes
flags		: fpu vme de pse tsc msr pae mce cx8 apic sep mtrr pge mca cmov pat pse36 clflush dts acpi mmx fxsr sse sse2 ss ht tm pbe syscall nx rdtscp lm constant_tsc arch_perfmon pebs bts rep_good nopl xtopology nonstop_tsc aperfmperf eagerfpu pni pclmulqdq dtes64 monitor ds_cpl vmx est tm2 ssse3 cx16 xtpr pdcm pcid sse4_1 sse4_2 x2apic popcnt tsc_deadline_timer xsave avx lahf_lm ida arat epb xsaveopt pln pts dtherm tpr_shadow vnmi flexpriority ept vpid
bogomips	: 4589.61
clflush size	: 64
cache_alignment	: 64
address sizes	: 36 bits physical, 48 bits virtual
power management:

processor	: 3
vendor_id	: GenuineIntel
cpu family	: 6
model		: 42
model name	: Intel(R) Core(TM) i5-2410M CPU @ 2.30GHz
stepping	: 7
microcode	: 0x12
cpu MHz		: 2301.000
cache size	: 3072 KB
physical id	: 0
siblings	: 4
core id		: 1
cpu cores	: 2
apicid		: 3
initial apicid	: 3
fpu		: yes
fpu_exception	: yes
cpuid level	: 13
wp		: yes
flags		: fpu vme de pse tsc msr pae mce cx8 apic sep mtrr pge mca cmov pat pse36 clflush dts acpi mmx fxsr sse sse2 ss ht tm pbe syscall nx rdtscp lm constant_tsc arch_perfmon pebs bts rep_good nopl xtopology nonstop_tsc aperfmperf eagerfpu pni pclmulqdq dtes64 monitor ds_cpl vmx est tm2 ssse3 cx16 xtpr pdcm pcid sse4_1 sse4_2 x2apic popcnt tsc_deadline_timer xsave avx lahf_lm ida arat epb xsaveopt pln pts dtherm tpr_shadow vnmi flexpriority ept vpid
bogomips	: 4589.61
clflush size	: 64
cache_alignment	: 64
address sizes	: 36 bits physical, 48 bits virtual
power management:



Memory: 4k page, physical 8131824k(4985256k free), swap 3998716k(3998716k free)

vm_info: Java HotSpot(TM) 64-Bit Server VM (24.65-b04) for linux-amd64 JRE (1.7.0_67-b01), built on Jul 25 2014 09:20:21 by "java_re" with gcc 4.3.0 20080428 (Red Hat 4.3.0-8)

time: Wed Oct 22 00:21:58 2014
elapsed time: 346 seconds

