#
# A fatal error has been detected by the Java Runtime Environment:
#
#  SIGSEGV (0xb) at pc=0x00007eff44e28cb7, pid=13591, tid=139634534754048
#
# JRE version: Java(TM) SE Runtime Environment (7.0_67-b01) (build 1.7.0_67-b01)
# Java VM: Java HotSpot(TM) 64-Bit Server VM (24.65-b04 mixed mode linux-amd64 compressed oops)
# Problematic frame:
# V  [libjvm.so+0x63ecb7]  jni_GetLongField+0x87
#
# Failed to write core dump. Core dumps have been disabled. To enable core dumping, try "ulimit -c unlimited" before starting Java again
#
# If you would like to submit a bug report, please visit:
#   http://bugreport.sun.com/bugreport/crash.jsp
#

---------------  T H R E A D  ---------------

Current thread (0x00007eff401c4800):  JavaThread "AWT-XAWT" daemon [_thread_in_vm, id=13620, stack(0x00007eff32c7a000,0x00007eff32d7b000)]

siginfo:si_signo=SIGSEGV: si_errno=0, si_code=1 (SEGV_MAPERR), si_addr=0x0000000000000000

Registers:
RAX=0x00007eff45626178, RBX=0x00007eff401c4800, RCX=0x00007eff46058320, RDX=0x00007eff4562fd70
RSP=0x00007eff32d79480, RBP=0x00007eff32d794b0, RSI=0x0000000000000000, RDI=0x00007eff401c49e8
R8 =0x00000000fad4ab2d, R9 =0x0000000000000001, R10=0x00007eff3b859c0d, R11=0x00007eff4509c870
R12=0x0000000000000042, R13=0x0000000000000000, R14=0x00007eff45634360, R15=0x00007eff4562fd80
RIP=0x00007eff44e28cb7, EFLAGS=0x0000000000010246, CSGSFS=0x0000000000000033, ERR=0x0000000000000004
  TRAPNO=0x000000000000000e

Top of Stack: (sp=0x00007eff32d79480)
0x00007eff32d79480:   00007eff32d794b0 000000077ef8b660
0x00007eff32d79490:   00007eff401c49e8 0000000000000000
0x00007eff32d794a0:   00007eff3876bfe0 00007eff401c4800
0x00007eff32d794b0:   00007eff32d794e0 00007eff38536801
0x00007eff32d794c0:   000000077ef8b660 00007efed8023490
0x00007eff32d794d0:   000000077ef8b660 00007eff32d795c8
0x00007eff32d794e0:   0000000000000000 00007eff33d2cae8
0x00007eff32d794f0:   000000077ef8b660 00007eff32d79520
0x00007eff32d79500:   0000000000000000 00007eff33d249a3
0x00007eff32d79510:   000000077ef8b660 00007eff3852c68f
0x00007eff32d79520:   00007eff32d79590 00007eff3b859c39
0x00007eff32d79530:   000000077eecdae0 0000000000000000
0x00007eff32d79540:   00007eff32d79560 00007eff32d795b0
0x00007eff32d79550:   00007eff32d79550 0000000000000000
0x00007eff32d79560:   00007eff32d795c8 000000077ef919b0
0x00007eff32d79570:   0000000000000000 000000077ef8b660
0x00007eff32d79580:   0000000000000000 00007eff32d795b0
0x00007eff32d79590:   00007eff32d79610 00007eff3b8473d0
0x00007eff32d795a0:   00000007d6a78a50 00007eff3b853f20
0x00007eff32d795b0:   0000000000000000 00007eff32d79610
0x00007eff32d795c0:   00007efee0001260 00000007d6be3f98
0x00007eff32d795d0:   00007eff32d795d0 000000077f058fdc
0x00007eff32d795e0:   00007eff32d79658 000000077f064d70
0x00007eff32d795f0:   0000000000000000 000000077f059110
0x00007eff32d79600:   00007eff32d795b0 00007eff32d79650
0x00007eff32d79610:   00007eff32d796a0 00007eff3b8470d8
0x00007eff32d79620:   0000000000000000 00000007d6d03cd0
0x00007eff32d79630:   0000000000000000 0000000000000000
0x00007eff32d79640:   0000000000000000 00000007d6be3f98
0x00007eff32d79650:   0000000000000000 00000007d6a8bee8
0x00007eff32d79660:   00007eff32d79660 000000077f058de5
0x00007eff32d79670:   00007eff32d796b0 000000077f064d70 

Instructions: (pc=0x00007eff44e28cb7)
0x00007eff44e28c97:   00 8b 43 30 a9 00 00 00 30 0f 85 ba 00 00 00 48
0x00007eff44e28ca7:   8b 05 9b 7d 7c 00 c7 83 60 02 00 00 06 00 00 00
0x00007eff44e28cb7:   49 8b 55 00 80 38 00 0f 84 ac 00 00 00 48 8b 05
0x00007eff44e28cc7:   6d 4f 7c 00 8b 72 08 8b 48 08 48 d3 e6 48 03 30 

Register to memory mapping:

RAX=0x00007eff45626178: <offset 0xe3c178> in /usr/lib/jvm/java-7-oracle/jre/lib/amd64/server/libjvm.so at 0x00007eff447ea000
RBX=0x00007eff401c4800 is a thread
RCX=0x00007eff46058320: <offset 0x219320> in /lib/x86_64-linux-gnu/libpthread.so.0 at 0x00007eff45e3f000
RDX=0x00007eff4562fd70: <offset 0xe45d70> in /usr/lib/jvm/java-7-oracle/jre/lib/amd64/server/libjvm.so at 0x00007eff447ea000
RSP=0x00007eff32d79480 is pointing into the stack for thread: 0x00007eff401c4800
RBP=0x00007eff32d794b0 is pointing into the stack for thread: 0x00007eff401c4800
RSI=0x0000000000000000 is an unknown value
RDI=0x00007eff401c49e8 is an unknown value
R8 =0x00000000fad4ab2d is an unknown value
R9 =0x0000000000000001 is an unknown value
R10=0x00007eff3b859c0d is at code_begin+1197 in an Interpreter codelet
method entry point (kind = native)  [0x00007eff3b859760, 0x00007eff3b85a560]  3584 bytes
R11=0x00007eff4509c870: <offset 0x8b2870> in /usr/lib/jvm/java-7-oracle/jre/lib/amd64/server/libjvm.so at 0x00007eff447ea000
R12=0x0000000000000042 is an unknown value
R13=0x0000000000000000 is an unknown value
R14=0x00007eff45634360: <offset 0xe4a360> in /usr/lib/jvm/java-7-oracle/jre/lib/amd64/server/libjvm.so at 0x00007eff447ea000
R15=0x00007eff4562fd80: <offset 0xe45d80> in /usr/lib/jvm/java-7-oracle/jre/lib/amd64/server/libjvm.so at 0x00007eff447ea000


Stack: [0x00007eff32c7a000,0x00007eff32d7b000],  sp=0x00007eff32d79480,  free space=1021k
Native frames: (J=compiled Java code, j=interpreted, Vv=VM code, C=native code)
V  [libjvm.so+0x63ecb7]  jni_GetLongField+0x87
C  [libmawt.so+0x1e801]  getX11InputMethodData+0x31

Java frames: (J=compiled Java code, j=interpreted, Vv=VM code)
j  sun.awt.X11.XlibWrapper.XFilterEvent(JJ)Z+0
j  sun.awt.X11.XToolkit.run(Z)V+300
j  sun.awt.X11.XToolkit.run()V+5
j  java.lang.Thread.run()V+11
v  ~StubRoutines::call_stub

---------------  P R O C E S S  ---------------

Java Threads: ( => current thread )
  0x00007efed802b800 JavaThread "Thread-0" [_thread_blocked, id=13633, stack(0x00007eff31802000,0x00007eff31903000)]
  0x00007eff4000c000 JavaThread "DestroyJavaVM" [_thread_blocked, id=13597, stack(0x00007eff46158000,0x00007eff46259000)]
  0x00007efee0002800 JavaThread "AWT-EventQueue-0" [_thread_blocked, id=13625, stack(0x00007eff325e9000,0x00007eff326ea000)]
  0x00007eff40213800 JavaThread "AWT-Shutdown" [_thread_blocked, id=13624, stack(0x00007eff32b79000,0x00007eff32c7a000)]
=>0x00007eff401c4800 JavaThread "AWT-XAWT" daemon [_thread_in_vm, id=13620, stack(0x00007eff32c7a000,0x00007eff32d7b000)]
  0x00007eff401a0800 JavaThread "Java2D Disposer" daemon [_thread_blocked, id=13619, stack(0x00007eff3318b000,0x00007eff3328c000)]
  0x00007eff400a8800 JavaThread "Service Thread" daemon [_thread_blocked, id=13617, stack(0x00007eff38b40000,0x00007eff38c41000)]
  0x00007eff400a6000 JavaThread "C2 CompilerThread1" daemon [_thread_blocked, id=13616, stack(0x00007eff38c41000,0x00007eff38d42000)]
  0x00007eff400a3000 JavaThread "C2 CompilerThread0" daemon [_thread_blocked, id=13615, stack(0x00007eff38d42000,0x00007eff38e43000)]
  0x00007eff400a1000 JavaThread "JDWP Event Helper Thread" daemon [_thread_blocked, id=13611, stack(0x00007eff38f44000,0x00007eff39045000)]
  0x00007eff4009d000 JavaThread "JDWP Transport Listener: dt_socket" daemon [_thread_blocked, id=13608, stack(0x00007eff39045000,0x00007eff39146000)]
  0x00007eff40090800 JavaThread "Signal Dispatcher" daemon [_thread_blocked, id=13606, stack(0x00007eff3934a000,0x00007eff3944b000)]
  0x00007eff40072000 JavaThread "Finalizer" daemon [_thread_blocked, id=13604, stack(0x00007eff3944b000,0x00007eff3954c000)]
  0x00007eff40070000 JavaThread "Reference Handler" daemon [_thread_blocked, id=13603, stack(0x00007eff3954c000,0x00007eff3964d000)]

Other Threads:
  0x00007eff4006b800 VMThread [stack: 0x00007eff3964d000,0x00007eff3974e000] [id=13602]
  0x00007eff400b3000 WatcherThread [stack: 0x00007eff38a3f000,0x00007eff38b40000] [id=13618]

VM state:synchronizing (normal execution)

VM Mutex/Monitor currently owned by a thread:  ([mutex/lock_event])
[0x00007eff40008580] Threads_lock - owner thread: 0x00007eff4006b800

Heap
 PSYoungGen      total 37376K, used 10349K [0x00000007d6a00000, 0x00000007d9380000, 0x0000000800000000)
  eden space 32256K, 32% used [0x00000007d6a00000,0x00000007d741b6b8,0x00000007d8980000)
  from space 5120K, 0% used [0x00000007d8e80000,0x00000007d8e80000,0x00000007d9380000)
  to   space 5120K, 0% used [0x00000007d8980000,0x00000007d8980000,0x00000007d8e80000)
 ParOldGen       total 84480K, used 0K [0x0000000783e00000, 0x0000000789080000, 0x00000007d6a00000)
  object space 84480K, 0% used [0x0000000783e00000,0x0000000783e00000,0x0000000789080000)
 PSPermGen       total 21504K, used 8851K [0x000000077ec00000, 0x0000000780100000, 0x0000000783e00000)
  object space 21504K, 41% used [0x000000077ec00000,0x000000077f4a4d10,0x0000000780100000)

Card table byte_map: [0x00007eff3b436000,0x00007eff3b841000] byte_map_base: 0x00007eff37840000

Polling page: 0x00007eff4627c000

Code Cache  [0x00007eff3b841000, 0x00007eff3bab1000, 0x00007eff3e841000)
 total_blobs=473 nmethods=51 adapters=384 free_code_cache=48536Kb largest_free_block=49672640

Compilation events (10 events):
Event: 569.105 Thread 0x00007eff400a6000   47             java.util.concurrent.atomic.AtomicInteger::get (5 bytes)
Event: 569.106 Thread 0x00007eff400a6000 nmethod 47 0x00007eff3b8d7010 code [0x00007eff3b8d7140, 0x00007eff3b8d7198]
Event: 601.583 Thread 0x00007eff400a3000   48             sun.awt.MostRecentKeyValue::setPair (11 bytes)
Event: 601.584 Thread 0x00007eff400a3000 nmethod 48 0x00007eff3b8d6dd0 code [0x00007eff3b8d6f00, 0x00007eff3b8d6f98]
Event: 614.834 Thread 0x00007eff400a6000   49             java.util.concurrent.locks.AbstractOwnableSynchronizer::getExclusiveOwnerThread (5 bytes)
Event: 614.835 Thread 0x00007eff400a6000 nmethod 49 0x00007eff3b8d6bd0 code [0x00007eff3b8d6d00, 0x00007eff3b8d6d78]
Event: 625.942 Thread 0x00007eff400a3000   50             Agent::getSteps (5 bytes)
Event: 625.942 Thread 0x00007eff400a6000   51             Agent::getPercepted (5 bytes)
Event: 625.943 Thread 0x00007eff400a3000 nmethod 50 0x00007eff3b8d6950 code [0x00007eff3b8d6a80, 0x00007eff3b8d6ad8]
Event: 625.943 Thread 0x00007eff400a6000 nmethod 51 0x00007eff3b8dd8d0 code [0x00007eff3b8dda00, 0x00007eff3b8dda58]

GC Heap History (0 events):
No events

Deoptimization events (0 events):
No events

Internal exceptions (10 events):
Event: 0.242 Thread 0x00007eff4000c000 Threw 0x00000007d6a9cdf0 at /HUDSON/workspace/7u-2-build-linux-amd64/jdk7u67/1368/hotspot/src/share/vm/prims/jvm.cpp:1244
Event: 0.247 Thread 0x00007eff4000c000 Threw 0x00000007d6c954b0 at /HUDSON/workspace/7u-2-build-linux-amd64/jdk7u67/1368/hotspot/src/share/vm/prims/jvm.cpp:1244
Event: 0.247 Thread 0x00007eff4000c000 Threw 0x00000007d6c955d8 at /HUDSON/workspace/7u-2-build-linux-amd64/jdk7u67/1368/hotspot/src/share/vm/prims/jvm.cpp:1244
Event: 0.248 Thread 0x00007eff4000c000 Threw 0x00000007d6c97848 at /HUDSON/workspace/7u-2-build-linux-amd64/jdk7u67/1368/hotspot/src/share/vm/prims/jvm.cpp:1244
Event: 0.248 Thread 0x00007eff4000c000 Threw 0x00000007d6c97970 at /HUDSON/workspace/7u-2-build-linux-amd64/jdk7u67/1368/hotspot/src/share/vm/prims/jvm.cpp:1244
Event: 0.251 Thread 0x00007eff4000c000 Threw 0x00000007d6ca00d0 at /HUDSON/workspace/7u-2-build-linux-amd64/jdk7u67/1368/hotspot/src/share/vm/prims/jvm.cpp:1244
Event: 0.252 Thread 0x00007eff4000c000 Threw 0x00000007d6ca1d30 at /HUDSON/workspace/7u-2-build-linux-amd64/jdk7u67/1368/hotspot/src/share/vm/prims/jvm.cpp:1244
Event: 0.258 Thread 0x00007eff4000c000 Threw 0x00000007d6ca3b38 at /HUDSON/workspace/7u-2-build-linux-amd64/jdk7u67/1368/hotspot/src/share/vm/prims/jvm.cpp:1244
Event: 0.267 Thread 0x00007eff4000c000 Threw 0x00000007d6ca74c0 at /HUDSON/workspace/7u-2-build-linux-amd64/jdk7u67/1368/hotspot/src/share/vm/prims/jvm.cpp:1244
Event: 0.308 Thread 0x00007eff4000c000 Threw 0x00000007d6cffc78 at /HUDSON/workspace/7u-2-build-linux-amd64/jdk7u67/1368/hotspot/src/share/vm/prims/jvm.cpp:1244

Events (10 events):
Event: 124.889 Executing VM operation: GetOrSetLocal
Event: 124.889 Executing VM operation: GetOrSetLocal done
Event: 124.889 Executing VM operation: GetOrSetLocal
Event: 124.889 Executing VM operation: GetOrSetLocal done
Event: 303.137 Executing VM operation: RedefineClasses
Event: 303.138 Executing VM operation: RedefineClasses done
Event: 455.654 Executing VM operation: RedefineClasses
Event: 455.654 Executing VM operation: RedefineClasses done
Event: 649.016 loading class 0x00007eff401741f0
Event: 649.028 loading class 0x00007eff401741f0 done


Dynamic libraries:
00400000-00401000 r-xp 00000000 08:01 540935                             /usr/lib/jvm/java-7-oracle/bin/java
00600000-00601000 rw-p 00000000 08:01 540935                             /usr/lib/jvm/java-7-oracle/bin/java
00fe8000-01009000 rw-p 00000000 00:00 0                                  [heap]
77ec00000-780100000 rw-p 00000000 00:00 0 
780100000-783e00000 rw-p 00000000 00:00 0 
783e00000-789080000 rw-p 00000000 00:00 0 
789080000-7d6a00000 rw-p 00000000 00:00 0 
7d6a00000-7d9380000 rw-p 00000000 00:00 0 
7d9380000-800000000 rw-p 00000000 00:00 0 
7efec8000000-7efec8021000 rw-p 00000000 00:00 0 
7efec8021000-7efecc000000 ---p 00000000 00:00 0 
7efecc000000-7efecc021000 rw-p 00000000 00:00 0 
7efecc021000-7efed0000000 ---p 00000000 00:00 0 
7efed0000000-7efed0021000 rw-p 00000000 00:00 0 
7efed0021000-7efed4000000 ---p 00000000 00:00 0 
7efed4000000-7efed4021000 rw-p 00000000 00:00 0 
7efed4021000-7efed8000000 ---p 00000000 00:00 0 
7efed8000000-7efed802e000 rw-p 00000000 00:00 0 
7efed802e000-7efedc000000 ---p 00000000 00:00 0 
7efedc000000-7efedc021000 rw-p 00000000 00:00 0 
7efedc021000-7efee0000000 ---p 00000000 00:00 0 
7efee0000000-7efee002b000 rw-p 00000000 00:00 0 
7efee002b000-7efee4000000 ---p 00000000 00:00 0 
7efee4000000-7efee4021000 rw-p 00000000 00:00 0 
7efee4021000-7efee8000000 ---p 00000000 00:00 0 
7efee8000000-7efee8021000 rw-p 00000000 00:00 0 
7efee8021000-7efeec000000 ---p 00000000 00:00 0 
7efeec000000-7efeec021000 rw-p 00000000 00:00 0 
7efeec021000-7efef0000000 ---p 00000000 00:00 0 
7efef0000000-7efef0255000 rw-p 00000000 00:00 0 
7efef0255000-7efef4000000 ---p 00000000 00:00 0 
7efef4000000-7efef4021000 rw-p 00000000 00:00 0 
7efef4021000-7efef8000000 ---p 00000000 00:00 0 
7efef8000000-7efef8021000 rw-p 00000000 00:00 0 
7efef8021000-7efefc000000 ---p 00000000 00:00 0 
7efefc000000-7efefc1c7000 rw-p 00000000 00:00 0 
7efefc1c7000-7eff00000000 ---p 00000000 00:00 0 
7eff00000000-7eff00021000 rw-p 00000000 00:00 0 
7eff00021000-7eff04000000 ---p 00000000 00:00 0 
7eff04000000-7eff04021000 rw-p 00000000 00:00 0 
7eff04021000-7eff08000000 ---p 00000000 00:00 0 
7eff08000000-7eff08021000 rw-p 00000000 00:00 0 
7eff08021000-7eff0c000000 ---p 00000000 00:00 0 
7eff0c000000-7eff0c021000 rw-p 00000000 00:00 0 
7eff0c021000-7eff10000000 ---p 00000000 00:00 0 
7eff10000000-7eff10021000 rw-p 00000000 00:00 0 
7eff10021000-7eff14000000 ---p 00000000 00:00 0 
7eff17f60000-7eff1c000000 rw-p 00000000 00:00 0 
7eff1c000000-7eff1c021000 rw-p 00000000 00:00 0 
7eff1c021000-7eff20000000 ---p 00000000 00:00 0 
7eff20000000-7eff20021000 rw-p 00000000 00:00 0 
7eff20021000-7eff24000000 ---p 00000000 00:00 0 
7eff24000000-7eff24021000 rw-p 00000000 00:00 0 
7eff24021000-7eff28000000 ---p 00000000 00:00 0 
7eff2c000000-7eff2c021000 rw-p 00000000 00:00 0 
7eff2c021000-7eff30000000 ---p 00000000 00:00 0 
7eff315bb000-7eff31802000 rw-p 00000000 00:00 0 
7eff31802000-7eff31805000 ---p 00000000 00:00 0 
7eff31805000-7eff31903000 rw-p 00000000 00:00 0                          [stack:13633]
7eff31903000-7eff3193d000 r-xp 00000000 08:01 413770                     /usr/lib/jvm/java-7-oracle/jre/lib/amd64/libjpeg.so
7eff3193d000-7eff31b3d000 ---p 0003a000 08:01 413770                     /usr/lib/jvm/java-7-oracle/jre/lib/amd64/libjpeg.so
7eff31b3d000-7eff31b3e000 rw-p 0003a000 08:01 413770                     /usr/lib/jvm/java-7-oracle/jre/lib/amd64/libjpeg.so
7eff31b3e000-7eff31b41000 ---p 00000000 00:00 0 
7eff31b41000-7eff31c3f000 rw-p 00000000 00:00 0 
7eff31c3f000-7eff31c42000 ---p 00000000 00:00 0 
7eff31c42000-7eff31d40000 rw-p 00000000 00:00 0 
7eff31d40000-7eff31d43000 ---p 00000000 00:00 0 
7eff31d43000-7eff31e41000 rw-p 00000000 00:00 0 
7eff31e41000-7eff31e44000 ---p 00000000 00:00 0 
7eff31e44000-7eff31f42000 rw-p 00000000 00:00 0 
7eff31f42000-7eff31fab000 r-xp 00000000 08:01 413792                     /usr/lib/jvm/java-7-oracle/jre/lib/amd64/libt2k.so
7eff31fab000-7eff321aa000 ---p 00069000 08:01 413792                     /usr/lib/jvm/java-7-oracle/jre/lib/amd64/libt2k.so
7eff321aa000-7eff321b1000 rw-p 00068000 08:01 413792                     /usr/lib/jvm/java-7-oracle/jre/lib/amd64/libt2k.so
7eff321b1000-7eff321c1000 rw-p 00000000 00:00 0 
7eff321c1000-7eff321d1000 r-xp 00000000 08:01 413766                     /usr/lib/jvm/java-7-oracle/jre/lib/amd64/libnio.so
7eff321d1000-7eff323d1000 ---p 00010000 08:01 413766                     /usr/lib/jvm/java-7-oracle/jre/lib/amd64/libnio.so
7eff323d1000-7eff323d2000 rw-p 00010000 08:01 413766                     /usr/lib/jvm/java-7-oracle/jre/lib/amd64/libnio.so
7eff323d2000-7eff323e8000 r-xp 00000000 08:01 413788                     /usr/lib/jvm/java-7-oracle/jre/lib/amd64/libnet.so
7eff323e8000-7eff325e8000 ---p 00016000 08:01 413788                     /usr/lib/jvm/java-7-oracle/jre/lib/amd64/libnet.so
7eff325e8000-7eff325e9000 rw-p 00016000 08:01 413788                     /usr/lib/jvm/java-7-oracle/jre/lib/amd64/libnet.so
7eff325e9000-7eff325ec000 ---p 00000000 00:00 0 
7eff325ec000-7eff326ea000 rw-p 00000000 00:00 0                          [stack:13625]
7eff326ea000-7eff32700000 r-xp 00000000 08:01 796807                     /lib/x86_64-linux-gnu/libgcc_s.so.1
7eff32700000-7eff328ff000 ---p 00016000 08:01 796807                     /lib/x86_64-linux-gnu/libgcc_s.so.1
7eff328ff000-7eff32900000 rw-p 00015000 08:01 796807                     /lib/x86_64-linux-gnu/libgcc_s.so.1
7eff32900000-7eff32965000 r-xp 00000000 08:01 413780                     /usr/lib/jvm/java-7-oracle/jre/lib/amd64/libfontmanager.so
7eff32965000-7eff32b64000 ---p 00065000 08:01 413780                     /usr/lib/jvm/java-7-oracle/jre/lib/amd64/libfontmanager.so
7eff32b64000-7eff32b68000 rw-p 00064000 08:01 413780                     /usr/lib/jvm/java-7-oracle/jre/lib/amd64/libfontmanager.so
7eff32b68000-7eff32b79000 rw-p 00000000 00:00 0 
7eff32b79000-7eff32b7c000 ---p 00000000 00:00 0 
7eff32b7c000-7eff32c7a000 rw-p 00000000 00:00 0                          [stack:13624]
7eff32c7a000-7eff32c7d000 ---p 00000000 00:00 0 
7eff32c7d000-7eff32d7b000 rw-p 00000000 00:00 0                          [stack:13620]
7eff32d7b000-7eff32d80000 r-xp 00000000 08:01 403030                     /usr/lib/x86_64-linux-gnu/libXfixes.so.3.1.0
7eff32d80000-7eff32f7f000 ---p 00005000 08:01 403030                     /usr/lib/x86_64-linux-gnu/libXfixes.so.3.1.0
7eff32f7f000-7eff32f80000 r--p 00004000 08:01 403030                     /usr/lib/x86_64-linux-gnu/libXfixes.so.3.1.0
7eff32f80000-7eff32f81000 rw-p 00005000 08:01 403030                     /usr/lib/x86_64-linux-gnu/libXfixes.so.3.1.0
7eff32f81000-7eff32f8a000 r-xp 00000000 08:01 403022                     /usr/lib/x86_64-linux-gnu/libXcursor.so.1.0.2
7eff32f8a000-7eff33189000 ---p 00009000 08:01 403022                     /usr/lib/x86_64-linux-gnu/libXcursor.so.1.0.2
7eff33189000-7eff3318a000 r--p 00008000 08:01 403022                     /usr/lib/x86_64-linux-gnu/libXcursor.so.1.0.2
7eff3318a000-7eff3318b000 rw-p 00009000 08:01 403022                     /usr/lib/x86_64-linux-gnu/libXcursor.so.1.0.2
7eff3318b000-7eff3318e000 ---p 00000000 00:00 0 
7eff3318e000-7eff3328c000 rw-p 00000000 00:00 0                          [stack:13619]
7eff3328c000-7eff33291000 r-xp 00000000 08:01 403026                     /usr/lib/x86_64-linux-gnu/libXdmcp.so.6.0.0
7eff33291000-7eff33490000 ---p 00005000 08:01 403026                     /usr/lib/x86_64-linux-gnu/libXdmcp.so.6.0.0
7eff33490000-7eff33491000 r--p 00004000 08:01 403026                     /usr/lib/x86_64-linux-gnu/libXdmcp.so.6.0.0
7eff33491000-7eff33492000 rw-p 00005000 08:01 403026                     /usr/lib/x86_64-linux-gnu/libXdmcp.so.6.0.0
7eff33492000-7eff33494000 r-xp 00000000 08:01 403015                     /usr/lib/x86_64-linux-gnu/libXau.so.6.0.0
7eff33494000-7eff33694000 ---p 00002000 08:01 403015                     /usr/lib/x86_64-linux-gnu/libXau.so.6.0.0
7eff33694000-7eff33695000 r--p 00002000 08:01 403015                     /usr/lib/x86_64-linux-gnu/libXau.so.6.0.0
7eff33695000-7eff33696000 rw-p 00003000 08:01 403015                     /usr/lib/x86_64-linux-gnu/libXau.so.6.0.0
7eff33696000-7eff336b3000 r-xp 00000000 08:01 404085                     /usr/lib/x86_64-linux-gnu/libxcb.so.1.1.0
7eff336b3000-7eff338b3000 ---p 0001d000 08:01 404085                     /usr/lib/x86_64-linux-gnu/libxcb.so.1.1.0
7eff338b3000-7eff338b4000 r--p 0001d000 08:01 404085                     /usr/lib/x86_64-linux-gnu/libxcb.so.1.1.0
7eff338b4000-7eff338b5000 rw-p 0001e000 08:01 404085                     /usr/lib/x86_64-linux-gnu/libxcb.so.1.1.0
7eff338b5000-7eff338c4000 r-xp 00000000 08:01 403036                     /usr/lib/x86_64-linux-gnu/libXi.so.6.1.0
7eff338c4000-7eff33ac3000 ---p 0000f000 08:01 403036                     /usr/lib/x86_64-linux-gnu/libXi.so.6.1.0
7eff33ac3000-7eff33ac4000 r--p 0000e000 08:01 403036                     /usr/lib/x86_64-linux-gnu/libXi.so.6.1.0
7eff33ac4000-7eff33ac5000 rw-p 0000f000 08:01 403036                     /usr/lib/x86_64-linux-gnu/libXi.so.6.1.0
7eff33ac5000-7eff33aca000 r-xp 00000000 08:01 403056                     /usr/lib/x86_64-linux-gnu/libXtst.so.6.1.0
7eff33aca000-7eff33cc9000 ---p 00005000 08:01 403056                     /usr/lib/x86_64-linux-gnu/libXtst.so.6.1.0
7eff33cc9000-7eff33cca000 r--p 00004000 08:01 403056                     /usr/lib/x86_64-linux-gnu/libXtst.so.6.1.0
7eff33cca000-7eff33ccb000 rw-p 00005000 08:01 403056                     /usr/lib/x86_64-linux-gnu/libXtst.so.6.1.0
7eff33ccb000-7eff33dfb000 r-xp 00000000 08:01 403011                     /usr/lib/x86_64-linux-gnu/libX11.so.6.3.0
7eff33dfb000-7eff33ffb000 ---p 00130000 08:01 403011                     /usr/lib/x86_64-linux-gnu/libX11.so.6.3.0
7eff33ffb000-7eff33ffc000 r--p 00130000 08:01 403011                     /usr/lib/x86_64-linux-gnu/libX11.so.6.3.0
7eff33ffc000-7eff34000000 rw-p 00131000 08:01 403011                     /usr/lib/x86_64-linux-gnu/libX11.so.6.3.0
7eff34000000-7eff34021000 rw-p 00000000 00:00 0 
7eff34021000-7eff38000000 ---p 00000000 00:00 0 
7eff3804b000-7eff3804d000 rw-p 00000000 00:00 0 
7eff3804d000-7eff3807a000 rw-s 00000000 00:04 8355858                    /SYSV00000000 (deleted)
7eff3807a000-7eff380ab000 rw-p 00000000 00:00 0 
7eff380ab000-7eff380ac000 r--s 00000000 08:01 1597199                    /var/cache/fontconfig/c05880de57d1f5e948fdfacc138775d9-le64.cache-4
7eff380ac000-7eff380b7000 r--s 00000000 08:01 1597193                    /var/cache/fontconfig/945677eb7aeaf62f1d50efc3fb3ec7d8-le64.cache-4
7eff380b7000-7eff380bd000 r--s 00000000 08:01 1597179                    /var/cache/fontconfig/2cd17615ca594fa2959ae173292e504c-le64.cache-4
7eff380bd000-7eff380c4000 r--s 00000000 08:01 1597196                    /var/cache/fontconfig/a755afe4a08bf5b97852ceb7400b47bc-le64.cache-4
7eff380c4000-7eff380c8000 r--s 00000000 08:01 1597339                    /var/cache/fontconfig/6d41288fd70b0be22e8c3a91e032eec0-le64.cache-4
7eff380c8000-7eff380dc000 r--s 00000000 08:01 1597174                    /var/cache/fontconfig/04aabc0a78ac019cf9454389977116d2-le64.cache-4
7eff380dc000-7eff380e5000 r-xp 00000000 08:01 403050                     /usr/lib/x86_64-linux-gnu/libXrender.so.1.3.0
7eff380e5000-7eff382e4000 ---p 00009000 08:01 403050                     /usr/lib/x86_64-linux-gnu/libXrender.so.1.3.0
7eff382e4000-7eff382e5000 r--p 00008000 08:01 403050                     /usr/lib/x86_64-linux-gnu/libXrender.so.1.3.0
7eff382e5000-7eff382e6000 rw-p 00009000 08:01 403050                     /usr/lib/x86_64-linux-gnu/libXrender.so.1.3.0
7eff382e6000-7eff382f7000 r-xp 00000000 08:01 403028                     /usr/lib/x86_64-linux-gnu/libXext.so.6.4.0
7eff382f7000-7eff384f6000 ---p 00011000 08:01 403028                     /usr/lib/x86_64-linux-gnu/libXext.so.6.4.0
7eff384f6000-7eff384f7000 r--p 00010000 08:01 403028                     /usr/lib/x86_64-linux-gnu/libXext.so.6.4.0
7eff384f7000-7eff384f8000 rw-p 00011000 08:01 403028                     /usr/lib/x86_64-linux-gnu/libXext.so.6.4.0
7eff384f8000-7eff384f9000 r--s 00000000 08:01 1597209                    /var/cache/fontconfig/e7071f4a29fa870f4323321c154eba04-le64.cache-4
7eff384f9000-7eff384fa000 r--s 00000000 08:01 1597176                    /var/cache/fontconfig/0d8c3b2ac0904cb8a57a757ad11a4a08-le64.cache-4
7eff384fa000-7eff384fe000 r--s 00000000 08:01 1609799                    /var/cache/fontconfig/de156ccd2eddbdc19d37a45b8b2aac9c-le64.cache-4
7eff384fe000-7eff384ff000 r--s 00000000 08:01 1597178                    /var/cache/fontconfig/1ac9eb803944fde146138c791f5cc56a-le64.cache-4
7eff384ff000-7eff38503000 r--s 00000000 08:01 1597182                    /var/cache/fontconfig/385c0604a188198f04d133e54aba7fe7-le64.cache-4
7eff38503000-7eff38505000 r--s 00000000 08:01 1597190                    /var/cache/fontconfig/767a8244fc0220cfb567a839d0392e0b-le64.cache-4
7eff38505000-7eff38518000 r--s 00000000 08:01 1597203                    /var/cache/fontconfig/d52a8644073d54c13679302ca1180695-le64.cache-4
7eff38518000-7eff38568000 r-xp 00000000 08:01 413741                     /usr/lib/jvm/java-7-oracle/jre/lib/amd64/xawt/libmawt.so
7eff38568000-7eff38768000 ---p 00050000 08:01 413741                     /usr/lib/jvm/java-7-oracle/jre/lib/amd64/xawt/libmawt.so
7eff38768000-7eff3876c000 rw-p 00050000 08:01 413741                     /usr/lib/jvm/java-7-oracle/jre/lib/amd64/xawt/libmawt.so
7eff3876c000-7eff3876d000 rw-p 00000000 00:00 0 
7eff3876d000-7eff3880f000 r-xp 00000000 08:01 413783                     /usr/lib/jvm/java-7-oracle/jre/lib/amd64/libawt.so
7eff3880f000-7eff38a0f000 ---p 000a2000 08:01 413783                     /usr/lib/jvm/java-7-oracle/jre/lib/amd64/libawt.so
7eff38a0f000-7eff38a1b000 rw-p 000a2000 08:01 413783                     /usr/lib/jvm/java-7-oracle/jre/lib/amd64/libawt.so
7eff38a1b000-7eff38a3f000 rw-p 00000000 00:00 0 
7eff38a3f000-7eff38a40000 ---p 00000000 00:00 0 
7eff38a40000-7eff38b40000 rw-p 00000000 00:00 0                          [stack:13618]
7eff38b40000-7eff38b43000 ---p 00000000 00:00 0 
7eff38b43000-7eff38c41000 rw-p 00000000 00:00 0                          [stack:13617]
7eff38c41000-7eff38c44000 ---p 00000000 00:00 0 
7eff38c44000-7eff38d42000 rw-p 00000000 00:00 0                          [stack:13616]
7eff38d42000-7eff38d45000 ---p 00000000 00:00 0 
7eff38d45000-7eff38e43000 rw-p 00000000 00:00 0                          [stack:13615]
7eff38e43000-7eff38e46000 ---p 00000000 00:00 0 
7eff38e46000-7eff38f44000 rw-p 00000000 00:00 0 
7eff38f44000-7eff38f47000 ---p 00000000 00:00 0 
7eff38f47000-7eff39045000 rw-p 00000000 00:00 0                          [stack:13611]
7eff39045000-7eff39048000 ---p 00000000 00:00 0 
7eff39048000-7eff39146000 rw-p 00000000 00:00 0                          [stack:13608]
7eff39146000-7eff3914a000 r-xp 00000000 08:01 413794                     /usr/lib/jvm/java-7-oracle/jre/lib/amd64/libdt_socket.so
7eff3914a000-7eff39349000 ---p 00004000 08:01 413794                     /usr/lib/jvm/java-7-oracle/jre/lib/amd64/libdt_socket.so
7eff39349000-7eff3934a000 rw-p 00003000 08:01 413794                     /usr/lib/jvm/java-7-oracle/jre/lib/amd64/libdt_socket.so
7eff3934a000-7eff3934d000 ---p 00000000 00:00 0 
7eff3934d000-7eff3944b000 rw-p 00000000 00:00 0                          [stack:13606]
7eff3944b000-7eff3944e000 ---p 00000000 00:00 0 
7eff3944e000-7eff3954c000 rw-p 00000000 00:00 0                          [stack:13604]
7eff3954c000-7eff3954f000 ---p 00000000 00:00 0 
7eff3954f000-7eff3964d000 rw-p 00000000 00:00 0                          [stack:13603]
7eff3964d000-7eff3964e000 ---p 00000000 00:00 0 
7eff3964e000-7eff3a702000 rw-p 00000000 00:00 0                          [stack:13602]
7eff3a702000-7eff3a8c1000 r--s 039e5000 08:01 413913                     /usr/lib/jvm/java-7-oracle/jre/lib/rt.jar
7eff3a8c1000-7eff3ad9c000 rw-p 00000000 00:00 0 
7eff3ad9c000-7eff3ad9d000 ---p 00000000 00:00 0 
7eff3ad9d000-7eff3ae9d000 rw-p 00000000 00:00 0                          [stack:13601]
7eff3ae9d000-7eff3ae9e000 ---p 00000000 00:00 0 
7eff3ae9e000-7eff3af9e000 rw-p 00000000 00:00 0                          [stack:13600]
7eff3af9e000-7eff3af9f000 ---p 00000000 00:00 0 
7eff3af9f000-7eff3b09f000 rw-p 00000000 00:00 0                          [stack:13599]
7eff3b09f000-7eff3b0a0000 ---p 00000000 00:00 0 
7eff3b0a0000-7eff3b1ca000 rw-p 00000000 00:00 0                          [stack:13598]
7eff3b1ca000-7eff3b436000 rw-p 00000000 00:00 0 
7eff3b436000-7eff3b441000 rw-p 00000000 00:00 0 
7eff3b441000-7eff3b45f000 rw-p 00000000 00:00 0 
7eff3b45f000-7eff3b489000 rw-p 00000000 00:00 0 
7eff3b489000-7eff3b6f5000 rw-p 00000000 00:00 0 
7eff3b6f5000-7eff3b70a000 rw-p 00000000 00:00 0 
7eff3b70a000-7eff3b840000 rw-p 00000000 00:00 0 
7eff3b840000-7eff3b841000 rw-p 00000000 00:00 0 
7eff3b841000-7eff3bab1000 rwxp 00000000 00:00 0 
7eff3bab1000-7eff3e841000 rw-p 00000000 00:00 0 
7eff3e841000-7eff3e85b000 r-xp 00000000 08:01 413785                     /usr/lib/jvm/java-7-oracle/jre/lib/amd64/libzip.so
7eff3e85b000-7eff3ea5b000 ---p 0001a000 08:01 413785                     /usr/lib/jvm/java-7-oracle/jre/lib/amd64/libzip.so
7eff3ea5b000-7eff3ea5c000 rw-p 0001a000 08:01 413785                     /usr/lib/jvm/java-7-oracle/jre/lib/amd64/libzip.so
7eff3ea5c000-7eff3ea67000 r-xp 00000000 08:01 799663                     /lib/x86_64-linux-gnu/libnss_files-2.19.so
7eff3ea67000-7eff3ec66000 ---p 0000b000 08:01 799663                     /lib/x86_64-linux-gnu/libnss_files-2.19.so
7eff3ec66000-7eff3ec67000 r--p 0000a000 08:01 799663                     /lib/x86_64-linux-gnu/libnss_files-2.19.so
7eff3ec67000-7eff3ec68000 rw-p 0000b000 08:01 799663                     /lib/x86_64-linux-gnu/libnss_files-2.19.so
7eff3ec68000-7eff3ec73000 r-xp 00000000 08:01 799664                     /lib/x86_64-linux-gnu/libnss_nis-2.19.so
7eff3ec73000-7eff3ee72000 ---p 0000b000 08:01 799664                     /lib/x86_64-linux-gnu/libnss_nis-2.19.so
7eff3ee72000-7eff3ee73000 r--p 0000a000 08:01 799664                     /lib/x86_64-linux-gnu/libnss_nis-2.19.so
7eff3ee73000-7eff3ee74000 rw-p 0000b000 08:01 799664                     /lib/x86_64-linux-gnu/libnss_nis-2.19.so
7eff3ee74000-7eff3ee8b000 r-xp 00000000 08:01 799650                     /lib/x86_64-linux-gnu/libnsl-2.19.so
7eff3ee8b000-7eff3f08a000 ---p 00017000 08:01 799650                     /lib/x86_64-linux-gnu/libnsl-2.19.so
7eff3f08a000-7eff3f08b000 r--p 00016000 08:01 799650                     /lib/x86_64-linux-gnu/libnsl-2.19.so
7eff3f08b000-7eff3f08c000 rw-p 00017000 08:01 799650                     /lib/x86_64-linux-gnu/libnsl-2.19.so
7eff3f08c000-7eff3f08e000 rw-p 00000000 00:00 0 
7eff3f08e000-7eff3f097000 r-xp 00000000 08:01 799638                     /lib/x86_64-linux-gnu/libnss_compat-2.19.so
7eff3f097000-7eff3f296000 ---p 00009000 08:01 799638                     /lib/x86_64-linux-gnu/libnss_compat-2.19.so
7eff3f296000-7eff3f297000 r--p 00008000 08:01 799638                     /lib/x86_64-linux-gnu/libnss_compat-2.19.so
7eff3f297000-7eff3f298000 rw-p 00009000 08:01 799638                     /lib/x86_64-linux-gnu/libnss_compat-2.19.so
7eff3f298000-7eff3f997000 r--p 00000000 08:01 401427                     /usr/lib/locale/locale-archive
7eff3f997000-7eff3f99a000 r-xp 00000000 08:01 413746                     /usr/lib/jvm/java-7-oracle/jre/lib/amd64/libnpt.so
7eff3f99a000-7eff3fb99000 ---p 00003000 08:01 413746                     /usr/lib/jvm/java-7-oracle/jre/lib/amd64/libnpt.so
7eff3fb99000-7eff3fb9a000 rw-p 00002000 08:01 413746                     /usr/lib/jvm/java-7-oracle/jre/lib/amd64/libnpt.so
7eff3fb9a000-7eff3fbd3000 r-xp 00000000 08:01 413782                     /usr/lib/jvm/java-7-oracle/jre/lib/amd64/libjdwp.so
7eff3fbd3000-7eff3fdd3000 ---p 00039000 08:01 413782                     /usr/lib/jvm/java-7-oracle/jre/lib/amd64/libjdwp.so
7eff3fdd3000-7eff3fdd4000 rw-p 00039000 08:01 413782                     /usr/lib/jvm/java-7-oracle/jre/lib/amd64/libjdwp.so
7eff3fdd4000-7eff3fdd5000 rw-p 00000000 00:00 0 
7eff3fdd5000-7eff3fdfe000 r-xp 00000000 08:01 413758                     /usr/lib/jvm/java-7-oracle/jre/lib/amd64/libjava.so
7eff3fdfe000-7eff3fffe000 ---p 00029000 08:01 413758                     /usr/lib/jvm/java-7-oracle/jre/lib/amd64/libjava.so
7eff3fffe000-7eff40000000 rw-p 00029000 08:01 413758                     /usr/lib/jvm/java-7-oracle/jre/lib/amd64/libjava.so
7eff40000000-7eff402ca000 rw-p 00000000 00:00 0 
7eff402ca000-7eff44000000 ---p 00000000 00:00 0 
7eff44000000-7eff44001000 r--s 00000000 08:01 1597206                    /var/cache/fontconfig/dc05db6664285cc2f12bf69c139ae4c3-le64.cache-4
7eff44001000-7eff44002000 r--s 00000000 08:01 1597184                    /var/cache/fontconfig/4794a0821666d79190d59a36cb4f44b5-le64.cache-4
7eff44002000-7eff44009000 r--s 00000000 08:01 1597180                    /var/cache/fontconfig/3047814df9a2f067bd2d96a2b9c36e5a-le64.cache-4
7eff44009000-7eff440b0000 rw-p 00000000 00:00 0 
7eff440b0000-7eff440ce000 rw-p 00000000 00:00 0 
7eff440ce000-7eff440db000 r-xp 00000000 08:01 413764                     /usr/lib/jvm/java-7-oracle/jre/lib/amd64/libverify.so
7eff440db000-7eff442da000 ---p 0000d000 08:01 413764                     /usr/lib/jvm/java-7-oracle/jre/lib/amd64/libverify.so
7eff442da000-7eff442dc000 rw-p 0000c000 08:01 413764                     /usr/lib/jvm/java-7-oracle/jre/lib/amd64/libverify.so
7eff442dc000-7eff442e3000 r-xp 00000000 08:01 799652                     /lib/x86_64-linux-gnu/librt-2.19.so
7eff442e3000-7eff444e2000 ---p 00007000 08:01 799652                     /lib/x86_64-linux-gnu/librt-2.19.so
7eff444e2000-7eff444e3000 r--p 00006000 08:01 799652                     /lib/x86_64-linux-gnu/librt-2.19.so
7eff444e3000-7eff444e4000 rw-p 00007000 08:01 799652                     /lib/x86_64-linux-gnu/librt-2.19.so
7eff444e4000-7eff445e9000 r-xp 00000000 08:01 799659                     /lib/x86_64-linux-gnu/libm-2.19.so
7eff445e9000-7eff447e8000 ---p 00105000 08:01 799659                     /lib/x86_64-linux-gnu/libm-2.19.so
7eff447e8000-7eff447e9000 r--p 00104000 08:01 799659                     /lib/x86_64-linux-gnu/libm-2.19.so
7eff447e9000-7eff447ea000 rw-p 00105000 08:01 799659                     /lib/x86_64-linux-gnu/libm-2.19.so
7eff447ea000-7eff4535a000 r-xp 00000000 08:01 413761                     /usr/lib/jvm/java-7-oracle/jre/lib/amd64/server/libjvm.so
7eff4535a000-7eff45559000 ---p 00b70000 08:01 413761                     /usr/lib/jvm/java-7-oracle/jre/lib/amd64/server/libjvm.so
7eff45559000-7eff4561e000 rw-p 00b6f000 08:01 413761                     /usr/lib/jvm/java-7-oracle/jre/lib/amd64/server/libjvm.so
7eff4561e000-7eff4565e000 rw-p 00000000 00:00 0 
7eff4565e000-7eff45819000 r-xp 00000000 08:01 799656                     /lib/x86_64-linux-gnu/libc-2.19.so
7eff45819000-7eff45a19000 ---p 001bb000 08:01 799656                     /lib/x86_64-linux-gnu/libc-2.19.so
7eff45a19000-7eff45a1d000 r--p 001bb000 08:01 799656                     /lib/x86_64-linux-gnu/libc-2.19.so
7eff45a1d000-7eff45a1f000 rw-p 001bf000 08:01 799656                     /lib/x86_64-linux-gnu/libc-2.19.so
7eff45a1f000-7eff45a24000 rw-p 00000000 00:00 0 
7eff45a24000-7eff45a27000 r-xp 00000000 08:01 799668                     /lib/x86_64-linux-gnu/libdl-2.19.so
7eff45a27000-7eff45c26000 ---p 00003000 08:01 799668                     /lib/x86_64-linux-gnu/libdl-2.19.so
7eff45c26000-7eff45c27000 r--p 00002000 08:01 799668                     /lib/x86_64-linux-gnu/libdl-2.19.so
7eff45c27000-7eff45c28000 rw-p 00003000 08:01 799668                     /lib/x86_64-linux-gnu/libdl-2.19.so
7eff45c28000-7eff45c3e000 r-xp 00000000 08:01 541501                     /usr/lib/jvm/java-7-oracle/lib/amd64/jli/libjli.so
7eff45c3e000-7eff45e3e000 ---p 00016000 08:01 541501                     /usr/lib/jvm/java-7-oracle/lib/amd64/jli/libjli.so
7eff45e3e000-7eff45e3f000 rw-p 00016000 08:01 541501                     /usr/lib/jvm/java-7-oracle/lib/amd64/jli/libjli.so
7eff45e3f000-7eff45e58000 r-xp 00000000 08:01 799669                     /lib/x86_64-linux-gnu/libpthread-2.19.so
7eff45e58000-7eff46057000 ---p 00019000 08:01 799669                     /lib/x86_64-linux-gnu/libpthread-2.19.so
7eff46057000-7eff46058000 r--p 00018000 08:01 799669                     /lib/x86_64-linux-gnu/libpthread-2.19.so
7eff46058000-7eff46059000 rw-p 00019000 08:01 799669                     /lib/x86_64-linux-gnu/libpthread-2.19.so
7eff46059000-7eff4605d000 rw-p 00000000 00:00 0 
7eff4605d000-7eff46080000 r-xp 00000000 08:01 799657                     /lib/x86_64-linux-gnu/ld-2.19.so
7eff46080000-7eff46085000 r--s 00000000 08:01 1597192                    /var/cache/fontconfig/8801497958630a81b71ace7c5f9b32a8-le64.cache-4
7eff46085000-7eff4608b000 r--s 00000000 08:01 1597197                    /var/cache/fontconfig/b47c4e1ecd0709278f4910c18777a504-le64.cache-4
7eff4608b000-7eff46094000 r--s 00000000 08:01 1597183                    /var/cache/fontconfig/3f7329c5293ffd510edef78f73874cfd-le64.cache-4
7eff46094000-7eff46098000 r--s 00000000 08:01 1597204                    /var/cache/fontconfig/d589a48862398ed80a3d6066f4f56f4c-le64.cache-4
7eff46098000-7eff460a2000 rw-p 00000000 00:00 0 
7eff460a2000-7eff46158000 rw-p 00000000 00:00 0 
7eff46158000-7eff4615b000 ---p 00000000 00:00 0 
7eff4615b000-7eff4625d000 rw-p 00000000 00:00 0                          [stack:13597]
7eff4625d000-7eff4625e000 r--s 00000000 08:01 1597186                    /var/cache/fontconfig/56cf4f4769d0f4abc89a4895d7bd3ae1-le64.cache-4
7eff4625e000-7eff4625f000 r--s 00000000 08:01 1597198                    /var/cache/fontconfig/b9d506c9ac06c20b433354fa67a72993-le64.cache-4
7eff4625f000-7eff46260000 r--s 00000000 08:01 1597175                    /var/cache/fontconfig/0c9eb80ebd1c36541ebe2852d3bb0c49-le64.cache-4
7eff46260000-7eff46261000 r--s 00000000 08:01 1603400                    /var/cache/fontconfig/62f91419b9ebdb6975e7e41ab6412357-le64.cache-4
7eff46261000-7eff4626e000 r--s 00000000 08:01 1603442                    /var/cache/fontconfig/e13b20fdb08344e0e664864cc2ede53d-le64.cache-4
7eff4626e000-7eff46272000 r--s 00000000 08:01 1609798                    /var/cache/fontconfig/7ef2298fde41cc6eeb7af42e48b7d293-le64.cache-4
7eff46272000-7eff46273000 r--s 00000000 08:06 3541608                    /home/martin/.cache/fontconfig/e3bb02e0ec69e5a09c14fd8bd998996d-le64.cache-4
7eff46273000-7eff4627b000 rw-s 00000000 08:01 2228578                    /tmp/hsperfdata_martin/13591
7eff4627b000-7eff4627c000 rw-p 00000000 00:00 0 
7eff4627c000-7eff4627d000 ---p 00000000 00:00 0 
7eff4627d000-7eff4627f000 rw-p 00000000 00:00 0 
7eff4627f000-7eff46280000 r--p 00022000 08:01 799657                     /lib/x86_64-linux-gnu/ld-2.19.so
7eff46280000-7eff46281000 rw-p 00023000 08:01 799657                     /lib/x86_64-linux-gnu/ld-2.19.so
7eff46281000-7eff46282000 rw-p 00000000 00:00 0 
7fff5380f000-7fff53830000 rw-p 00000000 00:00 0                          [stack]
7fff5392f000-7fff53931000 r-xp 00000000 00:00 0                          [vdso]
ffffffffff600000-ffffffffff601000 r-xp 00000000 00:00 0                  [vsyscall]

VM Arguments:
jvm_args: -agentlib:jdwp=transport=dt_socket,suspend=y,address=localhost:38782 -Dfile.encoding=UTF-8 
java_command: GuiStarter
Launcher Type: SUN_STANDARD

Environment Variables:
JAVA_HOME=/usr/lib/jvm/java-7-oracle
PATH=/usr/local/sbin:/usr/local/bin:/usr/sbin:/usr/bin:/sbin:/bin:/usr/games:/usr/local/games
USERNAME=martin
SHELL=/bin/bash
DISPLAY=:0

Signal Handlers:
SIGSEGV: [libjvm.so+0x99f4a0], sa_mask[0]=0x7ffbfeff, sa_flags=0x10000004
SIGBUS: [libjvm.so+0x99f4a0], sa_mask[0]=0x7ffbfeff, sa_flags=0x10000004
SIGFPE: [libjvm.so+0x81a860], sa_mask[0]=0x7ffbfeff, sa_flags=0x10000004
SIGPIPE: [libjvm.so+0x81a860], sa_mask[0]=0x7ffbfeff, sa_flags=0x10000004
SIGXFSZ: [libjvm.so+0x81a860], sa_mask[0]=0x7ffbfeff, sa_flags=0x10000004
SIGILL: [libjvm.so+0x81a860], sa_mask[0]=0x7ffbfeff, sa_flags=0x10000004
SIGUSR1: SIG_DFL, sa_mask[0]=0x00000000, sa_flags=0x00000000
SIGUSR2: [libjvm.so+0x81c060], sa_mask[0]=0x00000004, sa_flags=0x10000004
SIGHUP: [libjvm.so+0x81d160], sa_mask[0]=0x7ffbfeff, sa_flags=0x10000004
SIGINT: [libjvm.so+0x81d160], sa_mask[0]=0x7ffbfeff, sa_flags=0x10000004
SIGTERM: [libjvm.so+0x81d160], sa_mask[0]=0x7ffbfeff, sa_flags=0x10000004
SIGQUIT: [libjvm.so+0x81d160], sa_mask[0]=0x7ffbfeff, sa_flags=0x10000004


---------------  S Y S T E M  ---------------

OS:jessie/sid

uname:Linux 3.13.0-32-generic #57-Ubuntu SMP Tue Jul 15 03:51:08 UTC 2014 x86_64
libc:glibc 2.19 NPTL 2.19 
rlimit: STACK 8192k, CORE 0k, NPROC 63361, NOFILE 4096, AS infinity
load average:0.47 0.45 0.62

/proc/meminfo:
MemTotal:        8131824 kB
MemFree:         4985256 kB
Buffers:          229688 kB
Cached:          1528072 kB
SwapCached:            0 kB
Active:          1702800 kB
Inactive:        1212768 kB
Active(anon):    1160300 kB
Inactive(anon):    55280 kB
Active(file):     542500 kB
Inactive(file):  1157488 kB
Unevictable:          16 kB
Mlocked:              16 kB
SwapTotal:       3998716 kB
SwapFree:        3998716 kB
Dirty:               124 kB
Writeback:             0 kB
AnonPages:       1156596 kB
Mapped:           323344 kB
Shmem:             58332 kB
Slab:             119196 kB
SReclaimable:      80616 kB
SUnreclaim:        38580 kB
KernelStack:        3688 kB
PageTables:        24036 kB
NFS_Unstable:          0 kB
Bounce:                0 kB
WritebackTmp:          0 kB
CommitLimit:     8064628 kB
Committed_AS:    4370600 kB
VmallocTotal:   34359738367 kB
VmallocUsed:      140212 kB
VmallocChunk:   34359497856 kB
HardwareCorrupted:     0 kB
AnonHugePages:    485376 kB
HugePages_Total:       0
HugePages_Free:        0
HugePages_Rsvd:        0
HugePages_Surp:        0
Hugepagesize:       2048 kB
DirectMap4k:       77264 kB
DirectMap2M:     8267776 kB


CPU:total 4 (2 cores per cpu, 2 threads per core) family 6 model 42 stepping 7, cmov, cx8, fxsr, mmx, sse, sse2, sse3, ssse3, sse4.1, sse4.2, popcnt, avx, ht, tsc, tscinvbit

/proc/cpuinfo:
processor	: 0
vendor_id	: GenuineIntel
cpu family	: 6
model		: 42
model name	: Intel(R) Core(TM) i5-2410M CPU @ 2.30GHz
stepping	: 7
microcode	: 0x12
cpu MHz		: 2301.000
cache size	: 3072 KB
physical id	: 0
siblings	: 4
core id		: 0
cpu cores	: 2
apicid		: 0
initial apicid	: 0
fpu		: yes
fpu_exception	: yes
cpuid level	: 13
wp		: yes
flags		: fpu vme de pse tsc msr pae mce cx8 apic sep mtrr pge mca cmov pat pse36 clflush dts acpi mmx fxsr sse sse2 ss ht tm pbe syscall nx rdtscp lm constant_tsc arch_perfmon pebs bts rep_good nopl xtopology nonstop_tsc aperfmperf eagerfpu pni pclmulqdq dtes64 monitor ds_cpl vmx est tm2 ssse3 cx16 xtpr pdcm pcid sse4_1 sse4_2 x2apic popcnt tsc_deadline_timer xsave avx lahf_lm ida arat epb xsaveopt pln pts dtherm tpr_shadow vnmi flexpriority ept vpid
bogomips	: 4589.61
clflush size	: 64
cache_alignment	: 64
address sizes	: 36 bits physical, 48 bits virtual
power management:

processor	: 1
vendor_id	: GenuineIntel
cpu family	: 6
model		: 42
model name	: Intel(R) Core(TM) i5-2410M CPU @ 2.30GHz
stepping	: 7
microcode	: 0x12
cpu MHz		: 2301.000
cache size	: 3072 KB
physical id	: 0
siblings	: 4
core id		: 1
cpu cores	: 2
apicid		: 2
initial apicid	: 2
fpu		: yes
fpu_exception	: yes
cpuid level	: 13
wp		: yes
flags		: fpu vme de pse tsc msr pae mce cx8 apic sep mtrr pge mca cmov pat pse36 clflush dts acpi mmx fxsr sse sse2 ss ht tm pbe syscall nx rdtscp lm constant_tsc arch_perfmon pebs bts rep_good nopl xtopology nonstop_tsc aperfmperf eagerfpu pni pclmulqdq dtes64 monitor ds_cpl vmx est tm2 ssse3 cx16 xtpr pdcm pcid sse4_1 sse4_2 x2apic popcnt tsc_deadline_timer xsave avx lahf_lm ida arat epb xsaveopt pln pts dtherm tpr_shadow vnmi flexpriority ept vpid
bogomips	: 4589.61
clflush size	: 64
cache_alignment	: 64
address sizes	: 36 bits physical, 48 bits virtual
power management:

processor	: 2
vendor_id	: GenuineIntel
cpu family	: 6
model		: 42
model name	: Intel(R) Core(TM) i5-2410M CPU @ 2.30GHz
stepping	: 7
microcode	: 0x12
cpu MHz		: 2301.000
cache size	: 3072 KB
physical id	: 0
siblings	: 4
core id		: 0
cpu cores	: 2
apicid		: 1
initial apicid	: 1
fpu		: yes
fpu_exception	: yes
cpuid level	: 13
wp		: yes
flags		: fpu vme de pse tsc msr pae mce cx8 apic sep mtrr pge mca cmov pat pse36 clflush dts acpi mmx fxsr sse sse2 ss ht tm pbe syscall nx rdtscp lm constant_tsc arch_perfmon pebs bts rep_good nopl xtopology nonstop_tsc aperfmperf eagerfpu pni pclmulqdq dtes64 monitor ds_cpl vmx est tm2 ssse3 cx16 xtpr pdcm pcid sse4_1 sse4_2 x2apic popcnt tsc_deadline_timer xsave avx lahf_lm ida arat epb xsaveopt pln pts dtherm tpr_shadow vnmi flexpriority ept vpid
bogomips	: 4589.61
clflush size	: 64
cache_alignment	: 64
address sizes	: 36 bits physical, 48 bits virtual
power management:

processor	: 3
vendor_id	: GenuineIntel
cpu family	: 6
model		: 42
model name	: Intel(R) Core(TM) i5-2410M CPU @ 2.30GHz
stepping	: 7
microcode	: 0x12
cpu MHz		: 2301.000
cache size	: 3072 KB
physical id	: 0
siblings	: 4
core id		: 1
cpu cores	: 2
apicid		: 3
initial apicid	: 3
fpu		: yes
fpu_exception	: yes
cpuid level	: 13
wp		: yes
flags		: fpu vme de pse tsc msr pae mce cx8 apic sep mtrr pge mca cmov pat pse36 clflush dts acpi mmx fxsr sse sse2 ss ht tm pbe syscall nx rdtscp lm constant_tsc arch_perfmon pebs bts rep_good nopl xtopology nonstop_tsc aperfmperf eagerfpu pni pclmulqdq dtes64 monitor ds_cpl vmx est tm2 ssse3 cx16 xtpr pdcm pcid sse4_1 sse4_2 x2apic popcnt tsc_deadline_timer xsave avx lahf_lm ida arat epb xsaveopt pln pts dtherm tpr_shadow vnmi flexpriority ept vpid
bogomips	: 4589.61
clflush size	: 64
cache_alignment	: 64
address sizes	: 36 bits physical, 48 bits virtual
power management:



Memory: 4k page, physical 8131824k(4985256k free), swap 3998716k(3998716k free)

vm_info: Java HotSpot(TM) 64-Bit Server VM (24.65-b04) for linux-amd64 JRE (1.7.0_67-b01), built on Jul 25 2014 09:20:21 by "java_re" with gcc 4.3.0 20080428 (Red Hat 4.3.0-8)

time: Wed Oct 22 00:21:58 2014
elapsed time: 649 seconds

